LastRun: 2025-07-22 20:06:46

Summary for år 2025:
01 Ingen tilføjelser
02 Ingen tilføjelser
03 Ingen tilføjelser
04 Ingen tilføjelser
05 Ingen tilføjelser
06 Ingen tilføjelser
07 Ingen tilføjelser

LastRun: 2025-07-22 20:09:29

Summary for år 2025:
01 Ingen tilføjelser
02 Ingen tilføjelser
03 Ingen tilføjelser
04 Ingen tilføjelser
05 Ingen tilføjelser
06 Ingen tilføjelser
07 Ingen tilføjelser

Bruger: Tore
Enhed: Pixel 8a
Summary for år 2025:
01 Ingen tilføjelser
02 Ingen tilføjelser
03 Ingen tilføjelser
04 Ingen tilføjelser
05 Ingen tilføjelser
06 Ingen tilføjelser
07 Ingen tilføjelser

Bruger: Sus
Enhed: Susannes S20
Summary for år 2025:
01 Ingen tilføjelser
02 Ingen tilføjelser
03 Ingen tilføjelser
04 Ingen tilføjelser
05 Ingen tilføjelser
06 Ingen tilføjelser
07 Ingen tilføjelser

LastRun: 2025-07-22 20:44:12

LastRun: 2025-07-22 20:47:40

Bruger: 
Enhed: Pixel 8a
Summary for år 2025:
01 Ingen tilføjelser
02 Ingen tilføjelser
03 Ingen tilføjelser
04 Ingen tilføjelser
05 Ingen tilføjelser
06 Ingen tilføjelser
07 Ingen tilføjelser

Bruger: 
Enhed: Susannes S20
Summary for år 2025:
01 Ingen tilføjelser
02 Ingen tilføjelser
03 Ingen tilføjelser
04 Ingen tilføjelser
05 Ingen tilføjelser
06 Ingen tilføjelser
07 Ingen tilføjelser

LastRun: 2025-07-22 20:48:03

Bruger: 
Enhed: Pixel 8a
Summary for år 2025:
01 Ingen tilføjelser
02 Ingen tilføjelser
03 Ingen tilføjelser
04 Ingen tilføjelser
05 Ingen tilføjelser
06 Ingen tilføjelser
07 Ingen tilføjelser

Bruger: 
Enhed: Susannes S20
Summary for år 2025:
01 Fandt 35 nye filer
02 Fandt 26 nye filer
03 Fandt 125 nye filer
04 Fandt 30 nye filer
05 Fandt 34 nye filer
06 Fandt 59 nye filer
07 Fandt 79 nye filer

LastRun: 2025-07-22 20:52:17

Run: 2025-07-23 08:36:02
   Tore
      Pixel 8a
         2025
             01 01 Ingen tilføjelser nye filer at kopiere
             02 02 Ingen tilføjelser nye filer at kopiere
             03 03 Ingen tilføjelser nye filer at kopiere
             04 04 Ingen tilføjelser nye filer at kopiere
             05 05 Ingen tilføjelser nye filer at kopiere
             06 06 Ingen tilføjelser nye filer at kopiere
             07 07 Ingen tilføjelser nye filer at kopiere

Run: 2025-07-23 08:36:04
   Sus
      Susannes S20
         2025
             01 01 Ingen tilføjelser nye filer at kopiere
             02 02 Ingen tilføjelser nye filer at kopiere
             03 03 Ingen tilføjelser nye filer at kopiere
             04 04 Ingen tilføjelser nye filer at kopiere
             05 05 Ingen tilføjelser nye filer at kopiere
             06 06 Ingen tilføjelser nye filer at kopiere
             07 07 Ingen tilføjelser nye filer at kopiere

LastRun: 2025-07-23 08:36:04

Run: 2025-07-23 08:44:02
   Tore
      Galaxy S10
         2025
             00 Ingen billeder i 2025 nye filer at kopiere

Run: 2025-07-23 08:44:02
   Tore
      Galaxy S23
         2025
             00 Ingen billeder i 2025 nye filer at kopiere

Run: 2025-07-23 08:44:04
   Tore
      Pixel 8a
         2025
             01 0 filer allerede kopieret
             02 0 filer allerede kopieret
             03 0 filer allerede kopieret
             04 0 filer allerede kopieret
             05 0 filer allerede kopieret
             06 0 filer allerede kopieret
             07 0 filer allerede kopieret

Run: 2025-07-23 08:44:05
   Sus
      Susannes S20
         2025
             01 0 filer allerede kopieret
             02 0 filer allerede kopieret
             03 0 filer allerede kopieret
             04 0 filer allerede kopieret
             05 0 filer allerede kopieret
             06 0 filer allerede kopieret
             07 0 filer allerede kopieret

LastRun: 2025-07-23 08:44:05

Run: 2025-07-23 08:47:44
   Tore
      Galaxy S10
         2025
             00 Ingen billeder i 2025 nye filer at kopiere

Run: 2025-07-23 08:47:44
   Tore
      Galaxy S23
         2025
             00 Ingen billeder i 2025 nye filer at kopiere

Run: 2025-07-23 08:47:46
   Tore
      Pixel 8a
         2025
             01 0 filer allerede kopieret
             02 0 filer allerede kopieret
             03 0 filer allerede kopieret
             04 0 filer allerede kopieret
             05 0 filer allerede kopieret
             06 0 filer allerede kopieret
             07 0 filer allerede kopieret

Run: 2025-07-23 08:47:47
   Sus
      Susannes S20
         2025
             01 0 filer allerede kopieret
             02 0 filer allerede kopieret
             03 0 filer allerede kopieret
             04 0 filer allerede kopieret
             05 0 filer allerede kopieret
             06 0 filer allerede kopieret
             07 0 filer allerede kopieret

LastRun: 2025-07-23 08:47:47

Run: 2025-07-23 08:52:00
   Tore
      Galaxy S10
         2025
             Ingen billeder i 2025

Run: 2025-07-23 08:52:00
   Tore
      Galaxy S23
         2025
             Ingen billeder i 2025

Run: 2025-07-23 08:52:02
   Tore
      Pixel 8a
         2025
             01 0 filer allerede kopieret
             02 0 filer allerede kopieret
             03 0 filer allerede kopieret
             04 0 filer allerede kopieret
             05 0 filer allerede kopieret
             06 0 filer allerede kopieret
             07 0 filer allerede kopieret

Run: 2025-07-23 08:52:03
   Sus
      Susannes S20
         2025
             01 0 filer allerede kopieret
             02 0 filer allerede kopieret
             03 0 filer allerede kopieret
             04 0 filer allerede kopieret
             05 0 filer allerede kopieret
             06 0 filer allerede kopieret
             07 0 filer allerede kopieret

LastRun: 2025-07-23 08:52:03

Run: 2025-07-23 08:53:06
   Tore
      Galaxy S10
         2025
             Ingen billeder i 2025

Run: 2025-07-23 08:53:06
   Tore
      Galaxy S23
         2025
             Ingen billeder i 2025

Run: 2025-07-23 08:53:08
   Tore
      Pixel 8a
         2025
             01 0 filer allerede kopieret
             02 0 filer allerede kopieret
             03 0 filer allerede kopieret
             04 0 filer allerede kopieret
             05 0 filer allerede kopieret
             06 0 filer allerede kopieret
             07 0 filer allerede kopieret

Run: 2025-07-23 08:53:09
   Sus
      Susannes S20
         2025
             01 0 filer allerede kopieret
             02 0 filer allerede kopieret
             03 0 filer allerede kopieret
             04 0 filer allerede kopieret
             05 0 filer allerede kopieret
             06 0 filer allerede kopieret
             07 0 filer allerede kopieret

LastRun: 2025-07-23 08:53:09

Run: 2025-07-23 08:54:08
   Tore
      Galaxy S10
         2025
             Ingen billeder i 2025

Run: 2025-07-23 08:54:08
   Tore
      Galaxy S23
         2025
             Ingen billeder i 2025

Run: 2025-07-23 08:54:10
   Tore
      Pixel 8a
         2025
             01 0 filer allerede kopieret
             02 0 filer allerede kopieret
             03 0 filer allerede kopieret
             04 0 filer allerede kopieret
             05 0 filer allerede kopieret
             06 0 filer allerede kopieret
             07 0 filer allerede kopieret

Run: 2025-07-23 08:54:11
   Sus
      Susannes S20
         2025
             01 0 filer allerede kopieret
             02 0 filer allerede kopieret
             03 0 filer allerede kopieret
             04 0 filer allerede kopieret
             05 0 filer allerede kopieret
             06 0 filer allerede kopieret
             07 0 filer allerede kopieret

LastRun: 2025-07-23 08:54:11

Run: 2025-07-23 08:59:26
   Tore
      Galaxy S10
         2025
             Ingen billeder i 2025

Run: 2025-07-23 08:59:26
   Tore
      Galaxy S23
         2025
             Ingen billeder i 2025

Run: 2025-07-23 08:59:27
   Tore
      Pixel 8a
         2025
             01 0 filer allerede kopieret
             02 0 filer allerede kopieret
             03 0 filer allerede kopieret
             04 0 filer allerede kopieret
             05 0 filer allerede kopieret
             06 0 filer allerede kopieret
             07 0 filer allerede kopieret

Run: 2025-07-23 08:59:28
   Sus
      Susannes S20
         2025
             01 0 filer allerede kopieret
             02 0 filer allerede kopieret
             03 0 filer allerede kopieret
             04 0 filer allerede kopieret
             05 0 filer allerede kopieret
             06 0 filer allerede kopieret
             07 0 filer allerede kopieret

LastRun: 2025-07-23 08:59:28

Run: 2025-07-23 09:00:14
   Tore
      Galaxy S10
         2025
             Ingen billeder i 2025

Run: 2025-07-23 09:00:14
   Tore
      Galaxy S23
         2025
             Ingen billeder i 2025

Run: 2025-07-23 09:00:16
   Tore
      Pixel 8a
         2025
             01 0 er kopieret
             02 0 er kopieret
             03 0 er kopieret
             04 0 er kopieret
             05 0 er kopieret
             06 0 er kopieret
             07 1 er kopieret

Run: 2025-07-23 09:00:18
   Sus
      Susannes S20
         2025
             01 0 er kopieret
             02 0 er kopieret
             03 0 er kopieret
             04 0 er kopieret
             05 0 er kopieret
             06 0 er kopieret
             07 2 er kopieret

LastRun: 2025-07-23 09:00:18

Run: 2025-07-23 09:05:42
   Tore
      Galaxy S10
         2025
             Ingen billeder i 2025

Run: 2025-07-23 09:05:42
   Tore
      Galaxy S23
         2025
             Ingen billeder i 2025

Run: 2025-07-23 09:05:44
   Tore
      Pixel 8a
         2025
             01 0 er kopieret
             02 0 er kopieret
             03 0 er kopieret
             04 0 er kopieret
             05 0 er kopieret
             06 0 er kopieret
             07 1 er kopieret

Run: 2025-07-23 09:05:45
   Sus
      Susannes S20
         2025
             01 0 er kopieret
             02 0 er kopieret
             03 0 er kopieret
             04 0 er kopieret
             05 0 er kopieret
             06 0 er kopieret
             07 0 er kopieret

LastRun: 2025-07-23 09:05:45

Run: 2025-07-23 09:18:35
   Tore
      Galaxy S10
         2025
             Ingen billeder i 2025

Run: 2025-07-23 09:18:35
   Tore
      Galaxy S23
         2025
             Ingen billeder i 2025

Run: 2025-07-23 09:18:38
   Tore
      Pixel 8a
         2025
             01 0 er kopieret
             02 0 er kopieret
             03 0 er kopieret
             04 0 er kopieret
             05 0 er kopieret
             06 0 er kopieret
             07 0 er kopieret

Run: 2025-07-23 09:18:39
   Sus
      Susannes S20
         2025
             01 0 er kopieret
             02 0 er kopieret
             03 0 er kopieret
             04 0 er kopieret
             05 0 er kopieret
             06 0 er kopieret
             07 0 er kopieret

LastRun: 2025-07-23 09:18:40

Run: 2025-07-23 09:19:29
   Tore
      Galaxy S10
         2025
             Ingen billeder i 2025

Run: 2025-07-23 09:19:29
   Tore
      Galaxy S23
         2025
             Ingen billeder i 2025

Run: 2025-07-23 09:19:30
   Tore
      Pixel 8a
         2025
             01 0 er kopieret
             02 0 er kopieret
             03 0 er kopieret
             04 0 er kopieret
             05 0 er kopieret
             06 0 er kopieret
             07 1 er kopieret

Run: 2025-07-23 09:19:32
   Sus
      Susannes S20
         2025
             01 0 er kopieret
             02 0 er kopieret
             03 0 er kopieret
             04 0 er kopieret
             05 0 er kopieret
             06 0 er kopieret
             07 0 er kopieret

LastRun: 2025-07-23 09:19:32

Run: 2025-07-23 09:20:21
   Tore
      Galaxy S10
         2025
             Ingen billeder i 2025

Run: 2025-07-23 09:20:21
   Tore
      Galaxy S23
         2025
             Ingen billeder i 2025

Run: 2025-07-23 09:20:22
   Tore
      Pixel 8a
         2025
             01 0 filer allerede kopieret
             02 0 filer allerede kopieret
             03 0 filer allerede kopieret
             04 0 filer allerede kopieret
             05 0 filer allerede kopieret
             06 0 filer allerede kopieret
             07 0 filer allerede kopieret

Run: 2025-07-23 09:20:24
   Sus
      Susannes S20
         2025
             01 0 filer allerede kopieret
             02 0 filer allerede kopieret
             03 0 filer allerede kopieret
             04 0 filer allerede kopieret
             05 0 filer allerede kopieret
             06 0 filer allerede kopieret
             07 0 filer allerede kopieret

LastRun: 2025-07-23 09:20:24

Run: 2025-07-23 09:20:54
   Tore
      Galaxy S10
         2025
             Ingen billeder i 2025

Run: 2025-07-23 09:20:54
   Tore
      Galaxy S23
         2025
             Ingen billeder i 2025

Run: 2025-07-23 09:20:55
   Tore
      Pixel 8a
         2025
             01 0 filer allerede kopieret
             02 0 filer allerede kopieret
             03 0 filer allerede kopieret
             04 0 filer allerede kopieret
             05 0 filer allerede kopieret
             06 0 filer allerede kopieret
             07 0 filer allerede kopieret

Run: 2025-07-23 09:20:57
   Sus
      Susannes S20
         2025
             01 0 filer allerede kopieret
             02 0 filer allerede kopieret
             03 0 filer allerede kopieret
             04 0 filer allerede kopieret
             05 0 filer allerede kopieret
             06 0 filer allerede kopieret
             07 0 filer allerede kopieret

LastRun: 2025-07-23 09:20:57

Run: 2025-07-23 09:21:29
   Tore
      Galaxy S10
         2025
             Ingen billeder i 2025

Run: 2025-07-23 09:21:29
   Tore
      Galaxy S23
         2025
             Ingen billeder i 2025

Run: 2025-07-23 09:21:30
   Tore
      Pixel 8a
         2025
             01 0 filer allerede kopieret
             02 0 filer allerede kopieret
             03 0 filer allerede kopieret
             04 0 filer allerede kopieret
             05 0 filer allerede kopieret
             06 0 filer allerede kopieret
             07 0 filer allerede kopieret

Run: 2025-07-23 09:21:31
   Sus
      Susannes S20
         2025
             01 0 filer allerede kopieret
             02 0 filer allerede kopieret
             03 0 filer allerede kopieret
             04 0 filer allerede kopieret
             05 0 filer allerede kopieret
             06 0 filer allerede kopieret
             07 0 filer allerede kopieret

LastRun: 2025-07-23 09:21:32

Run: 2025-07-23 09:25:38
   Tore
      Galaxy S10
         2025
             Ingen billeder i 2025

Run: 2025-07-23 09:25:38
   Tore
      Galaxy S23
         2025
             Ingen billeder i 2025

Run: 2025-07-23 09:25:40
   Tore
      Pixel 8a
         2025
             01 0 filer allerede kopieret
             02 0 filer allerede kopieret
             03 0 filer allerede kopieret
             04 0 filer allerede kopieret
             05 0 filer allerede kopieret
             06 0 filer allerede kopieret
             07 0 filer allerede kopieret

Run: 2025-07-23 09:25:41
   Sus
      Susannes S20
         2025
             01 0 filer allerede kopieret
             02 0 filer allerede kopieret
             03 0 filer allerede kopieret
             04 0 filer allerede kopieret
             05 0 filer allerede kopieret
             06 0 filer allerede kopieret
             07 0 filer allerede kopieret

LastRun: 2025-07-23 09:25:41

Run: 2025-07-23 09:25:54
   Tore
      Galaxy S10
         2025
             Ingen billeder i 2025

Run: 2025-07-23 09:25:54
   Tore
      Galaxy S23
         2025
             Ingen billeder i 2025

Run: 2025-07-23 09:25:56
   Tore
      Pixel 8a
         2025
             01 0 er kopieret
             02 0 er kopieret
             03 0 er kopieret
             04 0 er kopieret
             05 0 er kopieret
             06 0 er kopieret
             07 2 er kopieret

Run: 2025-07-23 09:26:01
   Sus
      Susannes S20
         2025
             01 0 er kopieret
             02 0 er kopieret
             03 0 er kopieret
             04 0 er kopieret
             05 0 er kopieret
             06 0 er kopieret
             07 0 er kopieret

LastRun: 2025-07-23 09:26:01

Run: 2025-07-23 09:32:54
   Tore
      Galaxy S10
         2025
             Ingen billeder i 2025

Run: 2025-07-23 09:32:54
   Tore
      Galaxy S23
         2025
             Ingen billeder i 2025

Run: 2025-07-23 09:32:55
   Tore
      Pixel 8a
         2025
             01 0 filer allerede kopieret
             02 0 filer allerede kopieret
             03 0 filer allerede kopieret
             04 0 filer allerede kopieret
             05 0 filer allerede kopieret
             06 0 filer allerede kopieret
             07 2 nye filer at kopiere

Run: 2025-07-23 09:32:56
   Sus
      Susannes S20
         2025
             01 0 filer allerede kopieret
             02 0 filer allerede kopieret
             03 0 filer allerede kopieret
             04 0 filer allerede kopieret
             05 0 filer allerede kopieret
             06 0 filer allerede kopieret
             07 0 filer allerede kopieret

LastRun: 2025-07-23 09:32:56

Run: 2025-07-23 09:34:03
   Tore
      Galaxy S10
         2025
             Ingen billeder i 2025

Run: 2025-07-23 09:34:03
   Tore
      Galaxy S23
         2025
             Ingen billeder i 2025

Run: 2025-07-23 09:34:04
   Tore
      Pixel 8a
         2025
             01 0 filer allerede kopieret
             02 0 filer allerede kopieret
             03 0 filer allerede kopieret
             04 0 filer allerede kopieret
             05 0 filer allerede kopieret
             06 0 filer allerede kopieret
             07 2 nye filer at kopiere

Run: 2025-07-23 09:34:05
   Sus
      Susannes S20
         2025
             01 0 filer allerede kopieret
             02 0 filer allerede kopieret
             03 0 filer allerede kopieret
             04 0 filer allerede kopieret
             05 0 filer allerede kopieret
             06 0 filer allerede kopieret
             07 1 nye filer at kopiere

LastRun: 2025-07-23 09:34:05

Run: 2025-07-23 09:34:32
   Tore
      Galaxy S10
         2025
             Ingen billeder i 2025

Run: 2025-07-23 09:34:32
   Tore
      Galaxy S23
         2025
             Ingen billeder i 2025

Run: 2025-07-23 09:34:34
   Tore
      Pixel 8a
         2025
             01 0 er kopieret
             02 0 er kopieret
             03 0 er kopieret
             04 0 er kopieret
             05 0 er kopieret
             06 0 er kopieret
             07 2 er kopieret

Run: 2025-07-23 09:34:35
   Sus
      Susannes S20
         2025
             01 0 er kopieret
             02 0 er kopieret
             03 0 er kopieret
             04 0 er kopieret
             05 0 er kopieret
             06 0 er kopieret
             07 1 er kopieret

LastRun: 2025-07-23 09:34:35

Run: 2025-07-23 09:34:53
   Tore
      Galaxy S10
         2025
             Ingen billeder i 2025

Run: 2025-07-23 09:34:53
   Tore
      Galaxy S23
         2025
             Ingen billeder i 2025

Run: 2025-07-23 09:34:54
   Tore
      Pixel 8a
         2025
             01 0 filer allerede kopieret
             02 0 filer allerede kopieret
             03 0 filer allerede kopieret
             04 0 filer allerede kopieret
             05 0 filer allerede kopieret
             06 0 filer allerede kopieret
             07 0 filer allerede kopieret

Run: 2025-07-23 09:34:54
   Sus
      Susannes S20
         2025
             01 0 filer allerede kopieret
             02 0 filer allerede kopieret
             03 0 filer allerede kopieret
             04 0 filer allerede kopieret
             05 0 filer allerede kopieret
             06 0 filer allerede kopieret
             07 0 filer allerede kopieret

LastRun: 2025-07-23 09:34:54

Run: 2025-07-23 09:42:30
   Tore
      Galaxy S10
         2025
             Ingen billeder i 2025

Run: 2025-07-23 09:42:30
   Tore
      Galaxy S23
         2025
             Ingen billeder i 2025

Run: 2025-07-23 09:42:31
   Tore
      Pixel 8a
         2025
             01 0 filer allerede kopieret
             02 0 filer allerede kopieret
             03 0 filer allerede kopieret
             04 0 filer allerede kopieret
             05 0 filer allerede kopieret
             06 0 filer allerede kopieret
             07 0 filer allerede kopieret

Run: 2025-07-23 09:42:31
   Sus
      Susannes S20
         2025
             01 0 filer allerede kopieret
             02 0 filer allerede kopieret
             03 0 filer allerede kopieret
             04 0 filer allerede kopieret
             05 0 filer allerede kopieret
             06 0 filer allerede kopieret
             07 0 filer allerede kopieret

LastRun: 2025-07-23 09:42:31

LastRun: 2025-07-26 14:31:49 (Manuelt)

LastRun: 2025-07-26 14:32:35 (Manuelt)

LastRun: 2025-07-26 14:32:53 (Ukendt)

Run: 2025-07-26 14:33:42
   Tore
      Galaxy S10
         2025
             Ingen billeder i 2025

Run: 2025-07-26 14:33:42
   Tore
      Galaxy S23
         2025
             Ingen billeder i 2025

Run: 2025-07-26 14:33:48
   Tore
      Pixel 8a
         2025
             01 0 filer allerede kopieret
             02 0 filer allerede kopieret
             03 0 filer allerede kopieret
             04 0 filer allerede kopieret
             05 0 filer allerede kopieret
             06 0 filer allerede kopieret
             07 9 nye filer at kopiere

Run: 2025-07-26 14:33:49
   Sus
      Susannes S20
         2025
             01 0 filer allerede kopieret
             02 0 filer allerede kopieret
             03 0 filer allerede kopieret
             04 0 filer allerede kopieret
             05 0 filer allerede kopieret
             06 0 filer allerede kopieret
             07 2 nye filer at kopiere

LastRun: 2025-07-26 14:33:49 (Ukendt)

Run: 2025-07-26 14:34:37
   Tore
      Galaxy S10
         2025
             Ingen billeder i 2025

Run: 2025-07-26 14:34:37
   Tore
      Galaxy S23
         2025
             Ingen billeder i 2025

Run: 2025-07-26 14:34:40
   Tore
      Pixel 8a
         2025
             01 0 er kopieret
             02 0 er kopieret
             03 0 er kopieret
             04 0 er kopieret
             05 0 er kopieret
             06 0 er kopieret
             07 9 er kopieret

Run: 2025-07-26 14:34:41
   Sus
      Susannes S20
         2025
             01 0 er kopieret
             02 0 er kopieret
             03 0 er kopieret
             04 0 er kopieret
             05 0 er kopieret
             06 0 er kopieret
             07 2 er kopieret

LastRun: 2025-07-26 14:34:41 (Manuelt)

Run: 2025-07-26 15:20:27
   Tore
      Galaxy S10
         2025
             Ingen billeder i 2025

Run: 2025-07-26 15:20:27
   Tore
      Galaxy S23
         2025
             Ingen billeder i 2025

Run: 2025-07-26 15:20:27
   Tore
      Pixel 8a
         2025
             01 0 er kopieret
             02 0 er kopieret
             03 0 er kopieret
             04 0 er kopieret
             05 0 er kopieret
             06 0 er kopieret
             07 0 er kopieret

Run: 2025-07-26 15:20:28
   Sus
      Susannes S20
         2025
             01 0 er kopieret
             02 0 er kopieret
             03 0 er kopieret
             04 0 er kopieret
             05 0 er kopieret
             06 0 er kopieret
             07 0 er kopieret

LastRun: 2025-07-26 15:20:28 (Task Scheduler)

Run: 2025-07-26 15:22:20
   Tore
      Galaxy S10
         2025
             Ingen billeder i 2025

Run: 2025-07-26 15:22:20
   Tore
      Galaxy S23
         2025
             Ingen billeder i 2025

Run: 2025-07-26 15:22:20
   Tore
      Pixel 8a
         2025
             01 0 er kopieret
             02 0 er kopieret
             03 0 er kopieret
             04 0 er kopieret
             05 0 er kopieret
             06 0 er kopieret
             07 0 er kopieret

Run: 2025-07-26 15:22:21
   Sus
      Susannes S20
         2025
             01 0 er kopieret
             02 0 er kopieret
             03 0 er kopieret
             04 0 er kopieret
             05 0 er kopieret
             06 0 er kopieret
             07 0 er kopieret

LastRun: 2025-07-26 15:22:21 (Task Scheduler)

Run: 2025-07-26 20:38:51
   Tore
      Galaxy S10
         2025
             Ingen billeder i 2025

Run: 2025-07-26 20:38:51
   Tore
      Galaxy S23
         2025
             Ingen billeder i 2025

Run: 2025-07-26 20:38:52
   Tore
      Pixel 8a
         2025
             01 0 er kopieret
             02 0 er kopieret
             03 0 er kopieret
             04 0 er kopieret
             05 0 er kopieret
             06 0 er kopieret
             07 0 er kopieret

Run: 2025-07-26 20:38:54
   Sus
      Susannes S20
         2025
             01 0 er kopieret
             02 0 er kopieret
             03 0 er kopieret
             04 0 er kopieret
             05 0 er kopieret
             06 0 er kopieret
             07 0 er kopieret

LastRun: 2025-07-26 20:38:54 (Task Scheduler)

Run: 2025-07-27 07:15:03
   Tore
      Galaxy S10
         2025
             Ingen billeder i 2025

Run: 2025-07-27 07:15:03
   Tore
      Galaxy S23
         2025
             Ingen billeder i 2025

Run: 2025-07-27 07:15:04
   Tore
      Pixel 8a
         2025
             01 0 er kopieret
             02 0 er kopieret
             03 0 er kopieret
             04 0 er kopieret
             05 0 er kopieret
             06 0 er kopieret
             07 0 er kopieret

Run: 2025-07-27 07:15:05
   Sus
      Susannes S20
         2025
             01 0 er kopieret
             02 0 er kopieret
             03 0 er kopieret
             04 0 er kopieret
             05 0 er kopieret
             06 0 er kopieret
             07 0 er kopieret

LastRun: 2025-07-27 07:15:05 (Task Scheduler)

Run: 2025-07-27 08:48:11
   Tore
      Galaxy S10
         2025
             Ingen billeder i 2025

Run: 2025-07-27 08:48:11
   Tore
      Galaxy S23
         2025
             Ingen billeder i 2025

Run: 2025-07-27 08:48:11
   Tore
      Pixel 8a
         2025
             01 0 er kopieret
             02 0 er kopieret
             03 0 er kopieret
             04 0 er kopieret
             05 0 er kopieret
             06 0 er kopieret
             07 0 er kopieret

Run: 2025-07-27 08:48:12
   Sus
      Susannes S20
         2025
             01 0 er kopieret
             02 0 er kopieret
             03 0 er kopieret
             04 0 er kopieret
             05 0 er kopieret
             06 0 er kopieret
             07 0 er kopieret

LastRun: 2025-07-27 08:48:12 (Task Scheduler)

Run: 2025-07-27 14:57:58
   Tore
      Galaxy S10
         2025
             Ingen billeder i 2025

Run: 2025-07-27 14:57:58
   Tore
      Galaxy S23
         2025
             Ingen billeder i 2025

Run: 2025-07-27 14:58:00
   Tore
      Pixel 8a
         2025
             01 0 er kopieret
             02 0 er kopieret
             03 0 er kopieret
             04 0 er kopieret
             05 0 er kopieret
             06 0 er kopieret
             07 0 er kopieret

Run: 2025-07-27 14:58:01
   Sus
      Susannes S20
         2025
             01 0 er kopieret
             02 0 er kopieret
             03 0 er kopieret
             04 0 er kopieret
             05 0 er kopieret
             06 0 er kopieret
             07 0 er kopieret

LastRun: 2025-07-27 14:58:01 (Task Scheduler)

Run: 2025-07-27 15:48:22
   Tore
      Galaxy S10
         2025
             Ingen billeder i 2025

Run: 2025-07-27 15:48:23
   Tore
      Galaxy S23
         2025
             Ingen billeder i 2025

Run: 2025-07-27 15:48:23
   Tore
      Pixel 8a
         2025
             01 0 er kopieret
             02 0 er kopieret
             03 0 er kopieret
             04 0 er kopieret
             05 0 er kopieret
             06 0 er kopieret
             07 0 er kopieret

Run: 2025-07-27 15:48:24
   Sus
      Susannes S20
         2025
             01 0 er kopieret
             02 0 er kopieret
             03 0 er kopieret
             04 0 er kopieret
             05 0 er kopieret
             06 0 er kopieret
             07 0 er kopieret

LastRun: 2025-07-27 15:48:25 (Task Scheduler)

Run: 2025-07-27 18:46:07
   Tore
      Galaxy S10
         2025
             Ingen billeder i 2025

Run: 2025-07-27 18:46:07
   Tore
      Galaxy S23
         2025
             Ingen billeder i 2025

Run: 2025-07-27 18:46:08
   Tore
      Pixel 8a
         2025
             01 0 er kopieret
             02 0 er kopieret
             03 0 er kopieret
             04 0 er kopieret
             05 0 er kopieret
             06 0 er kopieret
             07 0 er kopieret

Run: 2025-07-27 18:46:09
   Sus
      Susannes S20
         2025
             01 0 er kopieret
             02 0 er kopieret
             03 0 er kopieret
             04 0 er kopieret
             05 0 er kopieret
             06 0 er kopieret
             07 0 er kopieret

LastRun: 2025-07-27 18:46:09 (Task Scheduler)

Run: 2025-07-27 20:07:47
   Tore
      Galaxy S10
         2025
             Ingen billeder i 2025

Run: 2025-07-27 20:07:47
   Tore
      Galaxy S23
         2025
             Ingen billeder i 2025

Run: 2025-07-27 20:07:48
   Tore
      Pixel 8a
         2025
             01 0 er kopieret
             02 0 er kopieret
             03 0 er kopieret
             04 0 er kopieret
             05 0 er kopieret
             06 0 er kopieret
             07 0 er kopieret

Run: 2025-07-27 20:07:49
   Sus
      Susannes S20
         2025
             01 0 er kopieret
             02 0 er kopieret
             03 0 er kopieret
             04 0 er kopieret
             05 0 er kopieret
             06 0 er kopieret
             07 0 er kopieret

LastRun: 2025-07-27 20:07:49 (Task Scheduler)

Run: 2025-07-28 08:05:21
   Tore
      Galaxy S10
         2025
             Ingen billeder i 2025

Run: 2025-07-28 08:05:21
   Tore
      Galaxy S23
         2025
             Ingen billeder i 2025

Run: 2025-07-28 08:05:23
   Tore
      Pixel 8a
         2025
             01 0 er kopieret
             02 0 er kopieret
             03 0 er kopieret
             04 0 er kopieret
             05 0 er kopieret
             06 0 er kopieret
             07 0 er kopieret

Run: 2025-07-28 08:05:24
   Sus
      Susannes S20
         2025
             01 0 er kopieret
             02 0 er kopieret
             03 0 er kopieret
             04 0 er kopieret
             05 0 er kopieret
             06 0 er kopieret
             07 0 er kopieret

LastRun: 2025-07-28 08:05:24 (Task Scheduler)

Run: 2025-07-28 10:25:07
   Tore
      Galaxy S10
         2025
             Ingen billeder i 2025

Run: 2025-07-28 10:25:07
   Tore
      Galaxy S23
         2025
             Ingen billeder i 2025

Run: 2025-07-28 10:25:11
   Tore
      Pixel 8a
         2025
             01 0 er kopieret
             02 0 er kopieret
             03 0 er kopieret
             04 0 er kopieret
             05 0 er kopieret
             06 0 er kopieret
             07 0 er kopieret

Run: 2025-07-28 10:25:12
   Sus
      Susannes S20
         2025
             01 0 er kopieret
             02 0 er kopieret
             03 0 er kopieret
             04 0 er kopieret
             05 0 er kopieret
             06 0 er kopieret
             07 0 er kopieret

LastRun: 2025-07-28 10:25:12 (Task Scheduler)

Run: 2025-07-28 21:28:28
   Tore
      Galaxy S10
         2025
             Ingen billeder i 2025

Run: 2025-07-28 21:28:29
   Tore
      Galaxy S23
         2025
             Ingen billeder i 2025

Run: 2025-07-28 21:28:30
   Tore
      Pixel 8a
         2025
             01 0 er kopieret
             02 0 er kopieret
             03 0 er kopieret
             04 0 er kopieret
             05 0 er kopieret
             06 0 er kopieret
             07 0 er kopieret

Run: 2025-07-28 21:28:31
   Sus
      Susannes S20
         2025
             01 0 er kopieret
             02 0 er kopieret
             03 0 er kopieret
             04 0 er kopieret
             05 0 er kopieret
             06 0 er kopieret
             07 0 er kopieret

LastRun: 2025-07-28 21:28:31 (Task Scheduler)

Run: 2025-07-29 07:54:29
   Tore
      Galaxy S10
         2025
             Ingen billeder i 2025

Run: 2025-07-29 07:54:29
   Tore
      Galaxy S23
         2025
             Ingen billeder i 2025

Run: 2025-07-29 07:54:30
   Tore
      Pixel 8a
         2025
             01 0 er kopieret
             02 0 er kopieret
             03 0 er kopieret
             04 0 er kopieret
             05 0 er kopieret
             06 0 er kopieret
             07 0 er kopieret

Run: 2025-07-29 07:54:31
   Sus
      Susannes S20
         2025
             01 0 er kopieret
             02 0 er kopieret
             03 0 er kopieret
             04 0 er kopieret
             05 0 er kopieret
             06 0 er kopieret
             07 0 er kopieret

LastRun: 2025-07-29 07:54:31 (Task Scheduler)

Run: 2025-07-29 11:54:50
   Tore
      Galaxy S10
         2025
             Ingen billeder i 2025

Run: 2025-07-29 11:54:50
   Tore
      Galaxy S23
         2025
             Ingen billeder i 2025

Run: 2025-07-29 11:54:52
   Tore
      Pixel 8a
         2025
             01 0 er kopieret
             02 0 er kopieret
             03 0 er kopieret
             04 0 er kopieret
             05 0 er kopieret
             06 0 er kopieret
             07 0 er kopieret

Run: 2025-07-29 11:54:55
   Sus
      Susannes S20
         2025
             01 0 er kopieret
             02 0 er kopieret
             03 0 er kopieret
             04 0 er kopieret
             05 0 er kopieret
             06 0 er kopieret
             07 7 er kopieret

LastRun: 2025-07-29 11:54:55 (Task Scheduler)

Run: 2025-07-29 14:11:44
   Tore
      Galaxy S10
         2025
             Ingen billeder i 2025

Run: 2025-07-29 14:11:44
   Tore
      Galaxy S23
         2025
             Ingen billeder i 2025

Run: 2025-07-29 14:11:47
   Tore
      Pixel 8a
         2025
             01 0 er kopieret
             02 0 er kopieret
             03 0 er kopieret
             04 0 er kopieret
             05 0 er kopieret
             06 0 er kopieret
             07 0 er kopieret

Run: 2025-07-29 14:11:49
   Sus
      Susannes S20
         2025
             01 0 er kopieret
             02 0 er kopieret
             03 0 er kopieret
             04 0 er kopieret
             05 0 er kopieret
             06 0 er kopieret
             07 0 er kopieret

LastRun: 2025-07-29 14:11:49 (Task Scheduler)

Run: 2025-07-29 15:52:44
   Tore
      Galaxy S10
         2025
             Ingen billeder i 2025

Run: 2025-07-29 15:52:44
   Tore
      Galaxy S23
         2025
             Ingen billeder i 2025

Run: 2025-07-29 15:52:46
   Tore
      Pixel 8a
         2025
             01 0 er kopieret
             02 0 er kopieret
             03 0 er kopieret
             04 0 er kopieret
             05 0 er kopieret
             06 0 er kopieret
             07 0 er kopieret

Run: 2025-07-29 15:52:48
   Sus
      Susannes S20
         2025
             01 0 er kopieret
             02 0 er kopieret
             03 0 er kopieret
             04 0 er kopieret
             05 0 er kopieret
             06 0 er kopieret
             07 0 er kopieret

LastRun: 2025-07-29 15:52:48 (Task Scheduler)

Run: 2025-07-29 18:00:26
   Tore
      Galaxy S10
         2025
             Ingen billeder i 2025

Run: 2025-07-29 18:00:26
   Tore
      Galaxy S23
         2025
             Ingen billeder i 2025

Run: 2025-07-29 18:00:28
   Tore
      Pixel 8a
         2025
             01 0 er kopieret
             02 0 er kopieret
             03 0 er kopieret
             04 0 er kopieret
             05 0 er kopieret
             06 0 er kopieret
             07 0 er kopieret

Run: 2025-07-29 18:00:29
   Sus
      Susannes S20
         2025
             01 0 er kopieret
             02 0 er kopieret
             03 0 er kopieret
             04 0 er kopieret
             05 0 er kopieret
             06 0 er kopieret
             07 0 er kopieret

LastRun: 2025-07-29 18:00:29 (Task Scheduler)

Run: 2025-07-29 19:00:23
   Tore
      Galaxy S10
         2025
             Ingen billeder i 2025

Run: 2025-07-29 19:00:23
   Tore
      Galaxy S23
         2025
             Ingen billeder i 2025

Run: 2025-07-29 19:00:24
   Tore
      Pixel 8a
         2025
             01 0 er kopieret
             02 0 er kopieret
             03 0 er kopieret
             04 0 er kopieret
             05 0 er kopieret
             06 0 er kopieret
             07 0 er kopieret

Run: 2025-07-29 19:00:25
   Sus
      Susannes S20
         2025
             01 0 er kopieret
             02 0 er kopieret
             03 0 er kopieret
             04 0 er kopieret
             05 0 er kopieret
             06 0 er kopieret
             07 0 er kopieret

LastRun: 2025-07-29 19:00:25 (Task Scheduler)

Run: 2025-07-29 21:39:56
   Tore
      Galaxy S10
         2025
             Ingen billeder i 2025

Run: 2025-07-29 21:39:56
   Tore
      Galaxy S23
         2025
             Ingen billeder i 2025

Run: 2025-07-29 21:39:56
   Tore
      Pixel 8a
         2025
             01 0 er kopieret
             02 0 er kopieret
             03 0 er kopieret
             04 0 er kopieret
             05 0 er kopieret
             06 0 er kopieret
             07 0 er kopieret

Run: 2025-07-29 21:39:56
   Sus
      Susannes S20
         2025
             01 0 er kopieret
             02 0 er kopieret
             03 0 er kopieret
             04 0 er kopieret
             05 0 er kopieret
             06 0 er kopieret
             07 0 er kopieret

LastRun: 2025-07-29 21:39:56 (Task Scheduler)

Run: 2025-07-30 05:14:34
   Tore
      Galaxy S10
         2025
             Ingen billeder i 2025

Run: 2025-07-30 05:14:34
   Tore
      Galaxy S23
         2025
             Ingen billeder i 2025

Run: 2025-07-30 05:14:35
   Tore
      Pixel 8a
         2025
             01 0 er kopieret
             02 0 er kopieret
             03 0 er kopieret
             04 0 er kopieret
             05 0 er kopieret
             06 0 er kopieret
             07 0 er kopieret

Run: 2025-07-30 05:14:36
   Sus
      Susannes S20
         2025
             01 0 er kopieret
             02 0 er kopieret
             03 0 er kopieret
             04 0 er kopieret
             05 0 er kopieret
             06 0 er kopieret
             07 0 er kopieret

LastRun: 2025-07-30 05:14:36 (Task Scheduler)

Run: 2025-07-30 10:11:06
   Tore
      Galaxy S10
         2025
             Ingen billeder i 2025

Run: 2025-07-30 10:11:06
   Tore
      Galaxy S23
         2025
             Ingen billeder i 2025

Run: 2025-07-30 10:11:08
   Tore
      Pixel 8a
         2025
             01 0 er kopieret
             02 0 er kopieret
             03 0 er kopieret
             04 0 er kopieret
             05 0 er kopieret
             06 0 er kopieret
             07 0 er kopieret

Run: 2025-07-30 10:11:11
   Sus
      Susannes S20
         2025
             01 0 er kopieret
             02 0 er kopieret
             03 0 er kopieret
             04 0 er kopieret
             05 0 er kopieret
             06 0 er kopieret
             07 1 er kopieret

LastRun: 2025-07-30 10:11:11 (Task Scheduler)

Run: 2025-07-30 13:17:20
   Tore
      Galaxy S10
         2025
             Ingen billeder i 2025

Run: 2025-07-30 13:17:20
   Tore
      Galaxy S23
         2025
             Ingen billeder i 2025

Run: 2025-07-30 13:17:22
   Tore
      Pixel 8a
         2025
             01 0 er kopieret
             02 0 er kopieret
             03 0 er kopieret
             04 0 er kopieret
             05 0 er kopieret
             06 0 er kopieret
             07 0 er kopieret

Run: 2025-07-30 13:17:23
   Sus
      Susannes S20
         2025
             01 0 er kopieret
             02 0 er kopieret
             03 0 er kopieret
             04 0 er kopieret
             05 0 er kopieret
             06 0 er kopieret
             07 0 er kopieret

LastRun: 2025-07-30 13:17:23 (Task Scheduler)

Run: 2025-07-30 15:51:01
   Tore
      Galaxy S10
         2025
             Ingen billeder i 2025

Run: 2025-07-30 15:51:01
   Tore
      Galaxy S23
         2025
             Ingen billeder i 2025

Run: 2025-07-30 15:51:03
   Tore
      Pixel 8a
         2025
             01 0 er kopieret
             02 0 er kopieret
             03 0 er kopieret
             04 0 er kopieret
             05 0 er kopieret
             06 0 er kopieret
             07 0 er kopieret

Run: 2025-07-30 15:51:03
   Sus
      Susannes S20
         2025
             01 0 er kopieret
             02 0 er kopieret
             03 0 er kopieret
             04 0 er kopieret
             05 0 er kopieret
             06 0 er kopieret
             07 0 er kopieret

LastRun: 2025-07-30 15:51:03 (Task Scheduler)

Run: 2025-07-30 18:10:52
   Tore
      Galaxy S10
         2025
             Ingen billeder i 2025

Run: 2025-07-30 18:10:52
   Tore
      Galaxy S23
         2025
             Ingen billeder i 2025

Run: 2025-07-30 18:10:55
   Tore
      Pixel 8a
         2025
             01 0 er kopieret
             02 0 er kopieret
             03 0 er kopieret
             04 0 er kopieret
             05 0 er kopieret
             06 0 er kopieret
             07 0 er kopieret

Run: 2025-07-30 18:10:57
   Sus
      Susannes S20
         2025
             01 0 er kopieret
             02 0 er kopieret
             03 0 er kopieret
             04 0 er kopieret
             05 0 er kopieret
             06 0 er kopieret
             07 0 er kopieret

LastRun: 2025-07-30 18:10:57 (Task Scheduler)

Run: 2025-07-30 22:01:17
   Tore
      Galaxy S10
         2025
             Ingen billeder i 2025

Run: 2025-07-30 22:01:17
   Tore
      Galaxy S23
         2025
             Ingen billeder i 2025

Run: 2025-07-30 22:01:19
   Tore
      Pixel 8a
         2025
             01 0 er kopieret
             02 0 er kopieret
             03 0 er kopieret
             04 0 er kopieret
             05 0 er kopieret
             06 0 er kopieret
             07 0 er kopieret

Run: 2025-07-30 22:01:20
   Sus
      Susannes S20
         2025
             01 0 er kopieret
             02 0 er kopieret
             03 0 er kopieret
             04 0 er kopieret
             05 0 er kopieret
             06 0 er kopieret
             07 0 er kopieret

LastRun: 2025-07-30 22:01:20 (Task Scheduler)

Run: 2025-07-31 08:09:24
   Tore
      Galaxy S10
         2025
             Ingen billeder i 2025

Run: 2025-07-31 08:09:24
   Tore
      Galaxy S23
         2025
             Ingen billeder i 2025

Run: 2025-07-31 08:09:26
   Tore
      Pixel 8a
         2025
             01 0 er kopieret
             02 0 er kopieret
             03 0 er kopieret
             04 0 er kopieret
             05 0 er kopieret
             06 0 er kopieret
             07 0 er kopieret

Run: 2025-07-31 08:09:27
   Sus
      Susannes S20
         2025
             01 0 er kopieret
             02 0 er kopieret
             03 0 er kopieret
             04 0 er kopieret
             05 0 er kopieret
             06 0 er kopieret
             07 0 er kopieret

LastRun: 2025-07-31 08:09:27 (Task Scheduler)

Run: 2025-07-31 12:55:48
   Tore
      Galaxy S10
         2025
             Ingen billeder i 2025

Run: 2025-07-31 12:55:48
   Tore
      Galaxy S23
         2025
             Ingen billeder i 2025

Run: 2025-07-31 12:55:51
   Tore
      Pixel 8a
         2025
             01 0 er kopieret
             02 0 er kopieret
             03 0 er kopieret
             04 0 er kopieret
             05 0 er kopieret
             06 0 er kopieret
             07 0 er kopieret

Run: 2025-07-31 12:55:55
   Sus
      Susannes S20
         2025
             01 0 er kopieret
             02 0 er kopieret
             03 0 er kopieret
             04 0 er kopieret
             05 0 er kopieret
             06 0 er kopieret
             07 3 er kopieret

LastRun: 2025-07-31 12:55:55 (Task Scheduler)

Run: 2025-07-31 16:51:01
   Tore
      Galaxy S10
         2025
             Ingen billeder i 2025

Run: 2025-07-31 16:51:01
   Tore
      Galaxy S23
         2025
             Ingen billeder i 2025

Run: 2025-07-31 16:51:03
   Tore
      Pixel 8a
         2025
             01 0 er kopieret
             02 0 er kopieret
             03 0 er kopieret
             04 0 er kopieret
             05 0 er kopieret
             06 0 er kopieret
             07 0 er kopieret

Run: 2025-07-31 16:51:04
   Sus
      Susannes S20
         2025
             01 0 er kopieret
             02 0 er kopieret
             03 0 er kopieret
             04 0 er kopieret
             05 0 er kopieret
             06 0 er kopieret
             07 0 er kopieret

LastRun: 2025-07-31 16:51:04 (Task Scheduler)

Run: 2025-07-31 21:12:38
   Tore
      Galaxy S10
         2025
             Ingen billeder i 2025

Run: 2025-07-31 21:12:38
   Tore
      Galaxy S23
         2025
             Ingen billeder i 2025

Run: 2025-07-31 21:12:39
   Tore
      Pixel 8a
         2025
             01 0 er kopieret
             02 0 er kopieret
             03 0 er kopieret
             04 0 er kopieret
             05 0 er kopieret
             06 0 er kopieret
             07 0 er kopieret

Run: 2025-07-31 21:12:39
   Sus
      Susannes S20
         2025
             01 0 er kopieret
             02 0 er kopieret
             03 0 er kopieret
             04 0 er kopieret
             05 0 er kopieret
             06 0 er kopieret
             07 0 er kopieret

LastRun: 2025-07-31 21:12:39 (Task Scheduler)

Run: 2025-08-01 06:52:24
   Tore
      Galaxy S10
         2025
             Ingen billeder i 2025

Run: 2025-08-01 06:52:24
   Tore
      Galaxy S23
         2025
             Ingen billeder i 2025

Run: 2025-08-01 06:52:26
   Tore
      Pixel 8a
         2025
             01 0 er kopieret
             02 0 er kopieret
             03 0 er kopieret
             04 0 er kopieret
             05 0 er kopieret
             06 0 er kopieret
             07 0 er kopieret

Run: 2025-08-01 06:52:27
   Sus
      Susannes S20
         2025
             01 0 er kopieret
             02 0 er kopieret
             03 0 er kopieret
             04 0 er kopieret
             05 0 er kopieret
             06 0 er kopieret
             07 0 er kopieret

LastRun: 2025-08-01 06:52:27 (Task Scheduler)

Run: 2025-08-03 20:19:53
   Tore
      Galaxy S10
         2025
             Ingen billeder i 2025

Run: 2025-08-03 20:19:53
   Tore
      Galaxy S23
         2025
             Ingen billeder i 2025

Run: 2025-08-03 20:19:55
   Tore
      Pixel 8a
         2025
             01 0 er kopieret
             02 0 er kopieret
             03 0 er kopieret
             04 0 er kopieret
             05 0 er kopieret
             06 0 er kopieret
             07 0 er kopieret

Run: 2025-08-03 20:20:28
   Sus
      Susannes S20
         2025
             01 0 er kopieret
             02 0 er kopieret
             03 0 er kopieret
             04 0 er kopieret
             05 0 er kopieret
             06 0 er kopieret
             07 0 er kopieret
             08 27 er kopieret

LastRun: 2025-08-03 20:20:28 (Task Scheduler)

Run: 2025-08-04 08:56:42
   Tore
      Galaxy S10
         2025
             Ingen billeder i 2025

Run: 2025-08-04 08:56:42
   Tore
      Galaxy S23
         2025
             Ingen billeder i 2025

Run: 2025-08-04 08:56:44
   Tore
      Pixel 8a
         2025
             01 0 er kopieret
             02 0 er kopieret
             03 0 er kopieret
             04 0 er kopieret
             05 0 er kopieret
             06 0 er kopieret
             07 0 er kopieret

Run: 2025-08-04 08:56:45
   Sus
      Susannes S20
         2025
             01 0 er kopieret
             02 0 er kopieret
             03 0 er kopieret
             04 0 er kopieret
             05 0 er kopieret
             06 0 er kopieret
             07 0 er kopieret
             08 1 er kopieret

LastRun: 2025-08-04 08:56:45 (Task Scheduler)

Run: 2025-08-04 11:01:33
   Tore
      Galaxy S10
         2025
             Ingen billeder i 2025

Run: 2025-08-04 11:01:33
   Tore
      Galaxy S23
         2025
             Ingen billeder i 2025

Run: 2025-08-04 11:01:34
   Tore
      Pixel 8a
         2025
             01 0 er kopieret
             02 0 er kopieret
             03 0 er kopieret
             04 0 er kopieret
             05 0 er kopieret
             06 0 er kopieret
             07 0 er kopieret

Run: 2025-08-04 11:01:34
   Sus
      Susannes S20
         2025
             01 0 er kopieret
             02 0 er kopieret
             03 0 er kopieret
             04 0 er kopieret
             05 0 er kopieret
             06 0 er kopieret
             07 0 er kopieret
             08 0 er kopieret

LastRun: 2025-08-04 11:01:34 (Task Scheduler)

Run: 2025-08-04 12:32:43
   Tore
      Galaxy S10
         2025
             Ingen billeder i 2025

Run: 2025-08-04 12:32:43
   Tore
      Galaxy S23
         2025
             Ingen billeder i 2025

Run: 2025-08-04 12:32:44
   Tore
      Pixel 8a
         2025
             01 0 er kopieret
             02 0 er kopieret
             03 0 er kopieret
             04 0 er kopieret
             05 0 er kopieret
             06 0 er kopieret
             07 0 er kopieret

Run: 2025-08-04 12:32:45
   Sus
      Susannes S20
         2025
             01 0 er kopieret
             02 0 er kopieret
             03 0 er kopieret
             04 0 er kopieret
             05 0 er kopieret
             06 0 er kopieret
             07 0 er kopieret
             08 0 er kopieret

LastRun: 2025-08-04 12:32:45 (Task Scheduler)

Run: 2025-08-04 15:41:54
   Tore
      Galaxy S10
         2025
             Ingen billeder i 2025

Run: 2025-08-04 15:41:54
   Tore
      Galaxy S23
         2025
             Ingen billeder i 2025

Run: 2025-08-04 15:41:55
   Tore
      Pixel 8a
         2025
             01 0 er kopieret
             02 0 er kopieret
             03 0 er kopieret
             04 0 er kopieret
             05 0 er kopieret
             06 0 er kopieret
             07 0 er kopieret

Run: 2025-08-04 15:41:56
   Sus
      Susannes S20
         2025
             01 0 er kopieret
             02 0 er kopieret
             03 0 er kopieret
             04 0 er kopieret
             05 0 er kopieret
             06 0 er kopieret
             07 0 er kopieret
             08 0 er kopieret

LastRun: 2025-08-04 15:41:56 (Task Scheduler)

Run: 2025-08-04 22:35:13
   Tore
      Galaxy S10
         2025
             Ingen billeder i 2025

Run: 2025-08-04 22:35:13
   Tore
      Galaxy S23
         2025
             Ingen billeder i 2025

Run: 2025-08-04 22:35:17
   Tore
      Pixel 8a
         2025
             01 0 er kopieret
             02 0 er kopieret
             03 0 er kopieret
             04 0 er kopieret
             05 0 er kopieret
             06 0 er kopieret
             07 0 er kopieret

Run: 2025-08-04 22:35:18
   Sus
      Susannes S20
         2025
             01 0 er kopieret
             02 0 er kopieret
             03 0 er kopieret
             04 0 er kopieret
             05 0 er kopieret
             06 0 er kopieret
             07 0 er kopieret
             08 0 er kopieret

LastRun: 2025-08-04 22:35:18 (Task Scheduler)

Run: 2025-08-05 07:56:23
   Tore
      Galaxy S10
         2025
             Ingen billeder i 2025

Run: 2025-08-05 07:56:23
   Tore
      Galaxy S23
         2025
             Ingen billeder i 2025

Run: 2025-08-05 07:56:26
   Tore
      Pixel 8a
         2025
             01 0 er kopieret
             02 0 er kopieret
             03 0 er kopieret
             04 0 er kopieret
             05 0 er kopieret
             06 0 er kopieret
             07 0 er kopieret

Run: 2025-08-05 07:56:27
   Sus
      Susannes S20
         2025
             01 0 er kopieret
             02 0 er kopieret
             03 0 er kopieret
             04 0 er kopieret
             05 0 er kopieret
             06 0 er kopieret
             07 0 er kopieret
             08 0 er kopieret

LastRun: 2025-08-05 07:56:27 (Task Scheduler)

Run: 2025-08-05 10:19:24
   Tore
      Galaxy S10
         2025
             Ingen billeder i 2025

Run: 2025-08-05 10:19:24
   Tore
      Galaxy S23
         2025
             Ingen billeder i 2025

Run: 2025-08-05 10:19:25
   Tore
      Pixel 8a
         2025
             01 0 er kopieret
             02 0 er kopieret
             03 0 er kopieret
             04 0 er kopieret
             05 0 er kopieret
             06 0 er kopieret
             07 0 er kopieret

Run: 2025-08-05 10:19:28
   Sus
      Susannes S20
         2025
             01 0 er kopieret
             02 0 er kopieret
             03 0 er kopieret
             04 0 er kopieret
             05 0 er kopieret
             06 0 er kopieret
             07 0 er kopieret
             08 0 er kopieret

LastRun: 2025-08-05 10:19:28 (Task Scheduler)

Run: 2025-08-05 12:49:13
   Tore
      Galaxy S10
         2025
             Ingen billeder i 2025

Run: 2025-08-05 12:49:13
   Tore
      Galaxy S23
         2025
             Ingen billeder i 2025

Run: 2025-08-05 12:49:15
   Tore
      Pixel 8a
         2025
             01 0 er kopieret
             02 0 er kopieret
             03 0 er kopieret
             04 0 er kopieret
             05 0 er kopieret
             06 0 er kopieret
             07 0 er kopieret

Run: 2025-08-05 12:49:16
   Sus
      Susannes S20
         2025
             01 0 er kopieret
             02 0 er kopieret
             03 0 er kopieret
             04 0 er kopieret
             05 0 er kopieret
             06 0 er kopieret
             07 0 er kopieret
             08 0 er kopieret

LastRun: 2025-08-05 12:49:16 (Task Scheduler)

Run: 2025-08-05 15:22:31
   Tore
      Galaxy S10
         2025
             Ingen billeder i 2025

Run: 2025-08-05 15:22:31
   Tore
      Galaxy S23
         2025
             Ingen billeder i 2025

Run: 2025-08-05 15:22:33
   Tore
      Pixel 8a
         2025
             01 0 er kopieret
             02 0 er kopieret
             03 0 er kopieret
             04 0 er kopieret
             05 0 er kopieret
             06 0 er kopieret
             07 0 er kopieret

Run: 2025-08-05 15:22:34
   Sus
      Susannes S20
         2025
             01 0 er kopieret
             02 0 er kopieret
             03 0 er kopieret
             04 0 er kopieret
             05 0 er kopieret
             06 0 er kopieret
             07 0 er kopieret
             08 0 er kopieret

LastRun: 2025-08-05 15:22:34 (Task Scheduler)

Run: 2025-08-05 18:19:22
   Tore
      Galaxy S10
         2025
             Ingen billeder i 2025

Run: 2025-08-05 18:19:22
   Tore
      Galaxy S23
         2025
             Ingen billeder i 2025

Run: 2025-08-05 18:19:24
   Tore
      Pixel 8a
         2025
             01 0 er kopieret
             02 0 er kopieret
             03 0 er kopieret
             04 0 er kopieret
             05 0 er kopieret
             06 0 er kopieret
             07 0 er kopieret

Run: 2025-08-05 18:19:25
   Sus
      Susannes S20
         2025
             01 0 er kopieret
             02 0 er kopieret
             03 0 er kopieret
             04 0 er kopieret
             05 0 er kopieret
             06 0 er kopieret
             07 0 er kopieret
             08 0 er kopieret

LastRun: 2025-08-05 18:19:25 (Task Scheduler)

Run: 2025-08-05 19:20:23
   Tore
      Galaxy S10
         2025
             Ingen billeder i 2025

Run: 2025-08-05 19:20:23
   Tore
      Galaxy S23
         2025
             Ingen billeder i 2025

Run: 2025-08-05 19:20:24
   Tore
      Pixel 8a
         2025
             01 0 er kopieret
             02 0 er kopieret
             03 0 er kopieret
             04 0 er kopieret
             05 0 er kopieret
             06 0 er kopieret
             07 0 er kopieret

Run: 2025-08-05 19:20:24
   Sus
      Susannes S20
         2025
             01 0 er kopieret
             02 0 er kopieret
             03 0 er kopieret
             04 0 er kopieret
             05 0 er kopieret
             06 0 er kopieret
             07 0 er kopieret
             08 0 er kopieret

LastRun: 2025-08-05 19:20:24 (Task Scheduler)

Run: 2025-08-05 21:41:44
   Tore
      Galaxy S10
         2025
             Ingen billeder i 2025

Run: 2025-08-05 21:41:44
   Tore
      Galaxy S23
         2025
             Ingen billeder i 2025

Run: 2025-08-05 21:41:44
   Tore
      Pixel 8a
         2025
             01 0 er kopieret
             02 0 er kopieret
             03 0 er kopieret
             04 0 er kopieret
             05 0 er kopieret
             06 0 er kopieret
             07 0 er kopieret

Run: 2025-08-05 21:41:45
   Sus
      Susannes S20
         2025
             01 0 er kopieret
             02 0 er kopieret
             03 0 er kopieret
             04 0 er kopieret
             05 0 er kopieret
             06 0 er kopieret
             07 0 er kopieret
             08 0 er kopieret

LastRun: 2025-08-05 21:41:45 (Task Scheduler)

Run: 2025-08-06 08:40:59
   Tore
      Galaxy S10
         2025
             Ingen billeder i 2025

Run: 2025-08-06 08:40:59
   Tore
      Galaxy S23
         2025
             Ingen billeder i 2025

Run: 2025-08-06 08:41:01
   Tore
      Pixel 8a
         2025
             01 0 er kopieret
             02 0 er kopieret
             03 0 er kopieret
             04 0 er kopieret
             05 0 er kopieret
             06 0 er kopieret
             07 0 er kopieret

Run: 2025-08-06 08:41:03
   Sus
      Susannes S20
         2025
             01 0 er kopieret
             02 0 er kopieret
             03 0 er kopieret
             04 0 er kopieret
             05 0 er kopieret
             06 0 er kopieret
             07 0 er kopieret
             08 0 er kopieret

LastRun: 2025-08-06 08:41:03 (Task Scheduler)

Run: 2025-08-06 10:31:49
   Tore
      Galaxy S10
         2025
             Ingen billeder i 2025

Run: 2025-08-06 10:31:49
   Tore
      Galaxy S23
         2025
             Ingen billeder i 2025

Run: 2025-08-06 10:31:50
   Tore
      Pixel 8a
         2025
             01 0 er kopieret
             02 0 er kopieret
             03 0 er kopieret
             04 0 er kopieret
             05 0 er kopieret
             06 0 er kopieret
             07 0 er kopieret

Run: 2025-08-06 10:31:52
   Sus
      Susannes S20
         2025
             01 0 er kopieret
             02 0 er kopieret
             03 0 er kopieret
             04 0 er kopieret
             05 0 er kopieret
             06 0 er kopieret
             07 0 er kopieret
             08 0 er kopieret

LastRun: 2025-08-06 10:31:52 (Task Scheduler)

Run: 2025-08-06 13:12:57
   Tore
      Galaxy S10
         2025
             Ingen billeder i 2025

Run: 2025-08-06 13:12:57
   Tore
      Galaxy S23
         2025
             Ingen billeder i 2025

Run: 2025-08-06 13:12:59
   Tore
      Pixel 8a
         2025
             01 0 er kopieret
             02 0 er kopieret
             03 0 er kopieret
             04 0 er kopieret
             05 0 er kopieret
             06 0 er kopieret
             07 0 er kopieret

Run: 2025-08-06 13:13:00
   Sus
      Susannes S20
         2025
             01 0 er kopieret
             02 0 er kopieret
             03 0 er kopieret
             04 0 er kopieret
             05 0 er kopieret
             06 0 er kopieret
             07 0 er kopieret
             08 0 er kopieret

LastRun: 2025-08-06 13:13:00 (Task Scheduler)

Run: 2025-08-06 15:21:46
   Tore
      Galaxy S10
         2025
             Ingen billeder i 2025

Run: 2025-08-06 15:21:46
   Tore
      Galaxy S23
         2025
             Ingen billeder i 2025

Run: 2025-08-06 15:21:48
   Tore
      Pixel 8a
         2025
             01 0 er kopieret
             02 0 er kopieret
             03 0 er kopieret
             04 0 er kopieret
             05 0 er kopieret
             06 0 er kopieret
             07 0 er kopieret

Run: 2025-08-06 15:21:49
   Sus
      Susannes S20
         2025
             01 0 er kopieret
             02 0 er kopieret
             03 0 er kopieret
             04 0 er kopieret
             05 0 er kopieret
             06 0 er kopieret
             07 0 er kopieret
             08 0 er kopieret

LastRun: 2025-08-06 15:21:49 (Task Scheduler)

Run: 2025-08-06 21:49:25
   Tore
      Galaxy S10
         2025
             Ingen billeder i 2025

Run: 2025-08-06 21:49:25
   Tore
      Galaxy S23
         2025
             Ingen billeder i 2025

Run: 2025-08-06 21:49:27
   Tore
      Pixel 8a
         2025
             01 0 er kopieret
             02 0 er kopieret
             03 0 er kopieret
             04 0 er kopieret
             05 0 er kopieret
             06 0 er kopieret
             07 0 er kopieret

Run: 2025-08-06 21:49:28
   Sus
      Susannes S20
         2025
             01 0 er kopieret
             02 0 er kopieret
             03 0 er kopieret
             04 0 er kopieret
             05 0 er kopieret
             06 0 er kopieret
             07 0 er kopieret
             08 0 er kopieret

LastRun: 2025-08-06 21:49:28 (Task Scheduler)

Run: 2025-08-07 04:29:36
   Tore
      Galaxy S10
         2025
             Ingen billeder i 2025

Run: 2025-08-07 04:29:36
   Tore
      Galaxy S23
         2025
             Ingen billeder i 2025

Run: 2025-08-07 04:29:38
   Tore
      Pixel 8a
         2025
             01 0 er kopieret
             02 0 er kopieret
             03 0 er kopieret
             04 0 er kopieret
             05 0 er kopieret
             06 0 er kopieret
             07 0 er kopieret

Run: 2025-08-07 04:29:39
   Sus
      Susannes S20
         2025
             01 0 er kopieret
             02 0 er kopieret
             03 0 er kopieret
             04 0 er kopieret
             05 0 er kopieret
             06 0 er kopieret
             07 0 er kopieret
             08 0 er kopieret

LastRun: 2025-08-07 04:29:39 (Task Scheduler)

Run: 2025-08-07 09:46:58
   Tore
      Galaxy S10
         2025
             Ingen billeder i 2025

Run: 2025-08-07 09:46:58
   Tore
      Galaxy S23
         2025
             Ingen billeder i 2025

Run: 2025-08-07 09:47:01
   Tore
      Pixel 8a
         2025
             01 0 er kopieret
             02 0 er kopieret
             03 0 er kopieret
             04 0 er kopieret
             05 0 er kopieret
             06 0 er kopieret
             07 0 er kopieret

Run: 2025-08-07 09:47:03
   Sus
      Susannes S20
         2025
             01 0 er kopieret
             02 0 er kopieret
             03 0 er kopieret
             04 0 er kopieret
             05 0 er kopieret
             06 0 er kopieret
             07 0 er kopieret
             08 0 er kopieret

LastRun: 2025-08-07 09:47:03 (Task Scheduler)

Run: 2025-08-07 10:46:42
   Tore
      Galaxy S10
         2025
             Ingen billeder i 2025

Run: 2025-08-07 10:46:42
   Tore
      Galaxy S23
         2025
             Ingen billeder i 2025

Run: 2025-08-07 10:46:43
   Tore
      Pixel 8a
         2025
             01 0 er kopieret
             02 0 er kopieret
             03 0 er kopieret
             04 0 er kopieret
             05 0 er kopieret
             06 0 er kopieret
             07 0 er kopieret

Run: 2025-08-07 10:46:44
   Sus
      Susannes S20
         2025
             01 0 er kopieret
             02 0 er kopieret
             03 0 er kopieret
             04 0 er kopieret
             05 0 er kopieret
             06 0 er kopieret
             07 0 er kopieret
             08 0 er kopieret

LastRun: 2025-08-07 10:46:44 (Task Scheduler)

Run: 2025-08-07 14:20:23
   Tore
      Galaxy S10
         2025
             Ingen billeder i 2025

Run: 2025-08-07 14:20:23
   Tore
      Galaxy S23
         2025
             Ingen billeder i 2025

Run: 2025-08-07 14:20:24
   Tore
      Pixel 8a
         2025
             01 0 er kopieret
             02 0 er kopieret
             03 0 er kopieret
             04 0 er kopieret
             05 0 er kopieret
             06 0 er kopieret
             07 0 er kopieret

Run: 2025-08-07 14:20:25
   Sus
      Susannes S20
         2025
             01 0 er kopieret
             02 0 er kopieret
             03 0 er kopieret
             04 0 er kopieret
             05 0 er kopieret
             06 0 er kopieret
             07 0 er kopieret
             08 0 er kopieret

LastRun: 2025-08-07 14:20:25 (Task Scheduler)

Run: 2025-08-07 18:12:41
   Tore
      Galaxy S10
         2025
             Ingen billeder i 2025

Run: 2025-08-07 18:12:41
   Tore
      Galaxy S23
         2025
             Ingen billeder i 2025

Run: 2025-08-07 18:12:43
   Tore
      Pixel 8a
         2025
             01 0 er kopieret
             02 0 er kopieret
             03 0 er kopieret
             04 0 er kopieret
             05 0 er kopieret
             06 0 er kopieret
             07 0 er kopieret

Run: 2025-08-07 18:12:44
   Sus
      Susannes S20
         2025
             01 0 er kopieret
             02 0 er kopieret
             03 0 er kopieret
             04 0 er kopieret
             05 0 er kopieret
             06 0 er kopieret
             07 0 er kopieret
             08 0 er kopieret

LastRun: 2025-08-07 18:12:44 (Task Scheduler)

Run: 2025-08-07 21:23:07
   Tore
      Galaxy S10
         2025
             Ingen billeder i 2025

Run: 2025-08-07 21:23:07
   Tore
      Galaxy S23
         2025
             Ingen billeder i 2025

Run: 2025-08-07 21:23:10
   Tore
      Pixel 8a
         2025
             01 0 er kopieret
             02 0 er kopieret
             03 0 er kopieret
             04 0 er kopieret
             05 0 er kopieret
             06 0 er kopieret
             07 0 er kopieret

Run: 2025-08-07 21:23:11
   Sus
      Susannes S20
         2025
             01 0 er kopieret
             02 0 er kopieret
             03 0 er kopieret
             04 0 er kopieret
             05 0 er kopieret
             06 0 er kopieret
             07 0 er kopieret
             08 0 er kopieret

LastRun: 2025-08-07 21:23:11 (Task Scheduler)

Run: 2025-08-08 06:48:29
   Tore
      Galaxy S10
         2025
             Ingen billeder i 2025

Run: 2025-08-08 06:48:29
   Tore
      Galaxy S23
         2025
             Ingen billeder i 2025

Run: 2025-08-08 06:48:30
   Tore
      Pixel 8a
         2025
             01 0 er kopieret
             02 0 er kopieret
             03 0 er kopieret
             04 0 er kopieret
             05 0 er kopieret
             06 0 er kopieret
             07 0 er kopieret

Run: 2025-08-08 06:48:32
   Sus
      Susannes S20
         2025
             01 0 er kopieret
             02 0 er kopieret
             03 0 er kopieret
             04 0 er kopieret
             05 0 er kopieret
             06 0 er kopieret
             07 0 er kopieret
             08 0 er kopieret

LastRun: 2025-08-08 06:48:32 (Task Scheduler)

Run: 2025-08-08 11:36:28
   Tore
      Galaxy S10
         2025
             Ingen billeder i 2025

Run: 2025-08-08 11:36:28
   Tore
      Galaxy S23
         2025
             Ingen billeder i 2025

Run: 2025-08-08 11:36:29
   Tore
      Pixel 8a
         2025
             01 0 er kopieret
             02 0 er kopieret
             03 0 er kopieret
             04 0 er kopieret
             05 0 er kopieret
             06 0 er kopieret
             07 0 er kopieret

Run: 2025-08-08 11:36:31
   Sus
      Susannes S20
         2025
             01 0 er kopieret
             02 0 er kopieret
             03 0 er kopieret
             04 0 er kopieret
             05 0 er kopieret
             06 0 er kopieret
             07 0 er kopieret
             08 0 er kopieret

LastRun: 2025-08-08 11:36:31 (Task Scheduler)

Run: 2025-08-08 21:54:00
   Tore
      Galaxy S10
         2025
             Ingen billeder i 2025

Run: 2025-08-08 21:54:00
   Tore
      Galaxy S23
         2025
             Ingen billeder i 2025

Run: 2025-08-08 21:54:02
   Tore
      Pixel 8a
         2025
             01 0 er kopieret
             02 0 er kopieret
             03 0 er kopieret
             04 0 er kopieret
             05 0 er kopieret
             06 0 er kopieret
             07 0 er kopieret

Run: 2025-08-08 21:54:03
   Sus
      Susannes S20
         2025
             01 0 er kopieret
             02 0 er kopieret
             03 0 er kopieret
             04 0 er kopieret
             05 0 er kopieret
             06 0 er kopieret
             07 0 er kopieret
             08 0 er kopieret

LastRun: 2025-08-08 21:54:03 (Task Scheduler)

Run: 2025-08-09 07:32:27
   Tore
      Galaxy S10
         2025
             Ingen billeder i 2025

Run: 2025-08-09 07:32:27
   Tore
      Galaxy S23
         2025
             Ingen billeder i 2025

Run: 2025-08-09 07:32:29
   Tore
      Pixel 8a
         2025
             01 0 er kopieret
             02 0 er kopieret
             03 0 er kopieret
             04 0 er kopieret
             05 0 er kopieret
             06 0 er kopieret
             07 0 er kopieret

Run: 2025-08-09 07:32:31
   Sus
      Susannes S20
         2025
             01 0 er kopieret
             02 0 er kopieret
             03 0 er kopieret
             04 0 er kopieret
             05 0 er kopieret
             06 0 er kopieret
             07 0 er kopieret
             08 0 er kopieret

LastRun: 2025-08-09 07:32:31 (Task Scheduler)

Run: 2025-08-09 09:21:21
   Tore
      Galaxy S10
         2025
             Ingen billeder i 2025

Run: 2025-08-09 09:21:21
   Tore
      Galaxy S23
         2025
             Ingen billeder i 2025

Run: 2025-08-09 09:21:21
   Tore
      Pixel 8a
         2025
             01 0 er kopieret
             02 0 er kopieret
             03 0 er kopieret
             04 0 er kopieret
             05 0 er kopieret
             06 0 er kopieret
             07 0 er kopieret

Run: 2025-08-09 09:21:22
   Sus
      Susannes S20
         2025
             01 0 er kopieret
             02 0 er kopieret
             03 0 er kopieret
             04 0 er kopieret
             05 0 er kopieret
             06 0 er kopieret
             07 0 er kopieret
             08 0 er kopieret

LastRun: 2025-08-09 09:21:22 (Task Scheduler)

Run: 2025-08-09 10:49:35
   Tore
      Galaxy S10
         2025
             Ingen billeder i 2025

Run: 2025-08-09 10:49:35
   Tore
      Galaxy S23
         2025
             Ingen billeder i 2025

Run: 2025-08-09 10:49:38
   Tore
      Pixel 8a
         2025
             01 0 er kopieret
             02 0 er kopieret
             03 0 er kopieret
             04 0 er kopieret
             05 0 er kopieret
             06 0 er kopieret
             07 0 er kopieret

Run: 2025-08-09 10:49:39
   Sus
      Susannes S20
         2025
             01 0 er kopieret
             02 0 er kopieret
             03 0 er kopieret
             04 0 er kopieret
             05 0 er kopieret
             06 0 er kopieret
             07 0 er kopieret
             08 0 er kopieret

LastRun: 2025-08-09 10:49:39 (Task Scheduler)

Run: 2025-08-09 13:09:43
   Tore
      Galaxy S10
         2025
             Ingen billeder i 2025

Run: 2025-08-09 13:09:43
   Tore
      Galaxy S23
         2025
             Ingen billeder i 2025

Run: 2025-08-09 13:09:45
   Tore
      Pixel 8a
         2025
             01 0 er kopieret
             02 0 er kopieret
             03 0 er kopieret
             04 0 er kopieret
             05 0 er kopieret
             06 0 er kopieret
             07 0 er kopieret

Run: 2025-08-09 13:09:46
   Sus
      Susannes S20
         2025
             01 0 er kopieret
             02 0 er kopieret
             03 0 er kopieret
             04 0 er kopieret
             05 0 er kopieret
             06 0 er kopieret
             07 0 er kopieret
             08 0 er kopieret

LastRun: 2025-08-09 13:09:46 (Task Scheduler)

Run: 2025-08-10 09:08:02
   Tore
      Galaxy S10
         2025
             Ingen billeder i 2025

Run: 2025-08-10 09:08:02
   Tore
      Galaxy S23
         2025
             Ingen billeder i 2025

Run: 2025-08-10 09:08:03
   Tore
      Pixel 8a
         2025
             01 0 er kopieret
             02 0 er kopieret
             03 0 er kopieret
             04 0 er kopieret
             05 0 er kopieret
             06 0 er kopieret
             07 0 er kopieret

Run: 2025-08-10 09:08:04
   Sus
      Susannes S20
         2025
             01 0 er kopieret
             02 0 er kopieret
             03 0 er kopieret
             04 0 er kopieret
             05 0 er kopieret
             06 0 er kopieret
             07 0 er kopieret
             08 0 er kopieret

LastRun: 2025-08-10 09:08:04 (Task Scheduler)

Run: 2025-08-10 11:04:40
   Tore
      Galaxy S10
         2025
             Ingen billeder i 2025

Run: 2025-08-10 11:04:40
   Tore
      Galaxy S23
         2025
             Ingen billeder i 2025

Run: 2025-08-10 11:04:42
   Tore
      Pixel 8a
         2025
             01 0 er kopieret
             02 0 er kopieret
             03 0 er kopieret
             04 0 er kopieret
             05 0 er kopieret
             06 0 er kopieret
             07 0 er kopieret

Run: 2025-08-10 11:04:43
   Sus
      Susannes S20
         2025
             01 0 er kopieret
             02 0 er kopieret
             03 0 er kopieret
             04 0 er kopieret
             05 0 er kopieret
             06 0 er kopieret
             07 0 er kopieret
             08 0 er kopieret

LastRun: 2025-08-10 11:04:43 (Task Scheduler)

Run: 2025-08-10 12:55:48
   Tore
      Galaxy S10
         2025
             Ingen billeder i 2025

Run: 2025-08-10 12:55:48
   Tore
      Galaxy S23
         2025
             Ingen billeder i 2025

Run: 2025-08-10 12:55:49
   Tore
      Pixel 8a
         2025
             01 0 er kopieret
             02 0 er kopieret
             03 0 er kopieret
             04 0 er kopieret
             05 0 er kopieret
             06 0 er kopieret
             07 0 er kopieret

Run: 2025-08-10 12:55:50
   Sus
      Susannes S20
         2025
             01 0 er kopieret
             02 0 er kopieret
             03 0 er kopieret
             04 0 er kopieret
             05 0 er kopieret
             06 0 er kopieret
             07 0 er kopieret
             08 0 er kopieret

LastRun: 2025-08-10 12:55:50 (Task Scheduler)

Run: 2025-08-10 19:38:07
   Tore
      Galaxy S10
         2025
             Ingen billeder i 2025

Run: 2025-08-10 19:38:07
   Tore
      Galaxy S23
         2025
             Ingen billeder i 2025

Run: 2025-08-10 19:38:08
   Tore
      Pixel 8a
         2025
             01 0 er kopieret
             02 0 er kopieret
             03 0 er kopieret
             04 0 er kopieret
             05 0 er kopieret
             06 0 er kopieret
             07 0 er kopieret

Run: 2025-08-10 19:38:09
   Sus
      Susannes S20
         2025
             01 0 er kopieret
             02 0 er kopieret
             03 0 er kopieret
             04 0 er kopieret
             05 0 er kopieret
             06 0 er kopieret
             07 0 er kopieret
             08 0 er kopieret

LastRun: 2025-08-10 19:38:09 (Task Scheduler)

Run: 2025-08-10 21:24:56
   Tore
      Galaxy S10
         2025
             Ingen billeder i 2025

Run: 2025-08-10 21:24:56
   Tore
      Galaxy S23
         2025
             Ingen billeder i 2025

Run: 2025-08-10 21:24:57
   Tore
      Pixel 8a
         2025
             01 0 er kopieret
             02 0 er kopieret
             03 0 er kopieret
             04 0 er kopieret
             05 0 er kopieret
             06 0 er kopieret
             07 0 er kopieret

Run: 2025-08-10 21:24:57
   Sus
      Susannes S20
         2025
             01 0 er kopieret
             02 0 er kopieret
             03 0 er kopieret
             04 0 er kopieret
             05 0 er kopieret
             06 0 er kopieret
             07 0 er kopieret
             08 0 er kopieret

LastRun: 2025-08-10 21:24:57 (Task Scheduler)

Run: 2025-08-11 04:00:54
   Tore
      Galaxy S10
         2025
             Ingen billeder i 2025

Run: 2025-08-11 04:00:54
   Tore
      Galaxy S23
         2025
             Ingen billeder i 2025

Run: 2025-08-11 04:00:54
   Tore
      Pixel 8a
         2025
             01 0 er kopieret
             02 0 er kopieret
             03 0 er kopieret
             04 0 er kopieret
             05 0 er kopieret
             06 0 er kopieret
             07 0 er kopieret

Run: 2025-08-11 04:00:55
   Sus
      Susannes S20
         2025
             01 0 er kopieret
             02 0 er kopieret
             03 0 er kopieret
             04 0 er kopieret
             05 0 er kopieret
             06 0 er kopieret
             07 0 er kopieret
             08 0 er kopieret

LastRun: 2025-08-11 04:00:55 (Task Scheduler)

Run: 2025-08-11 05:28:12
   Tore
      Galaxy S10
         2025
             Ingen billeder i 2025

Run: 2025-08-11 05:28:12
   Tore
      Galaxy S23
         2025
             Ingen billeder i 2025

Run: 2025-08-11 05:28:13
   Tore
      Pixel 8a
         2025
             01 0 er kopieret
             02 0 er kopieret
             03 0 er kopieret
             04 0 er kopieret
             05 0 er kopieret
             06 0 er kopieret
             07 0 er kopieret

Run: 2025-08-11 05:28:13
   Sus
      Susannes S20
         2025
             01 0 er kopieret
             02 0 er kopieret
             03 0 er kopieret
             04 0 er kopieret
             05 0 er kopieret
             06 0 er kopieret
             07 0 er kopieret
             08 0 er kopieret

LastRun: 2025-08-11 05:28:13 (Task Scheduler)

Run: 2025-08-11 16:05:27
   Tore
      Galaxy S10
         2025
             Ingen billeder i 2025

Run: 2025-08-11 16:05:27
   Tore
      Galaxy S23
         2025
             Ingen billeder i 2025

Run: 2025-08-11 16:05:29
   Tore
      Pixel 8a
         2025
             01 0 er kopieret
             02 0 er kopieret
             03 0 er kopieret
             04 0 er kopieret
             05 0 er kopieret
             06 0 er kopieret
             07 0 er kopieret

Run: 2025-08-11 16:05:31
   Sus
      Susannes S20
         2025
             01 0 er kopieret
             02 0 er kopieret
             03 0 er kopieret
             04 0 er kopieret
             05 0 er kopieret
             06 0 er kopieret
             07 0 er kopieret
             08 0 er kopieret

LastRun: 2025-08-11 16:05:31 (Task Scheduler)

Run: 2025-08-11 18:40:26
   Tore
      Galaxy S10
         2025
             Ingen billeder i 2025

Run: 2025-08-11 18:40:26
   Tore
      Galaxy S23
         2025
             Ingen billeder i 2025

Run: 2025-08-11 18:40:27
   Tore
      Pixel 8a
         2025
             01 0 er kopieret
             02 0 er kopieret
             03 0 er kopieret
             04 0 er kopieret
             05 0 er kopieret
             06 0 er kopieret
             07 0 er kopieret

Run: 2025-08-11 18:40:27
   Sus
      Susannes S20
         2025
             01 0 er kopieret
             02 0 er kopieret
             03 0 er kopieret
             04 0 er kopieret
             05 0 er kopieret
             06 0 er kopieret
             07 0 er kopieret
             08 0 er kopieret

LastRun: 2025-08-11 18:40:27 (Task Scheduler)

Run: 2025-08-11 20:54:23
   Tore
      Galaxy S10
         2025
             Ingen billeder i 2025

Run: 2025-08-11 20:54:23
   Tore
      Galaxy S23
         2025
             Ingen billeder i 2025

Run: 2025-08-11 20:54:25
   Tore
      Pixel 8a
         2025
             01 0 er kopieret
             02 0 er kopieret
             03 0 er kopieret
             04 0 er kopieret
             05 0 er kopieret
             06 0 er kopieret
             07 0 er kopieret

Run: 2025-08-11 20:54:26
   Sus
      Susannes S20
         2025
             01 0 er kopieret
             02 0 er kopieret
             03 0 er kopieret
             04 0 er kopieret
             05 0 er kopieret
             06 0 er kopieret
             07 0 er kopieret
             08 0 er kopieret

LastRun: 2025-08-11 20:54:26 (Task Scheduler)

Run: 2025-08-11 22:00:04
   Tore
      Galaxy S10
         2025
             Ingen billeder i 2025

Run: 2025-08-11 22:00:04
   Tore
      Galaxy S23
         2025
             Ingen billeder i 2025

Run: 2025-08-11 22:00:05
   Tore
      Pixel 8a
         2025
             01 0 er kopieret
             02 0 er kopieret
             03 0 er kopieret
             04 0 er kopieret
             05 0 er kopieret
             06 0 er kopieret
             07 0 er kopieret

Run: 2025-08-11 22:00:05
   Sus
      Susannes S20
         2025
             01 0 er kopieret
             02 0 er kopieret
             03 0 er kopieret
             04 0 er kopieret
             05 0 er kopieret
             06 0 er kopieret
             07 0 er kopieret
             08 0 er kopieret

LastRun: 2025-08-11 22:00:05 (Task Scheduler)

Run: 2025-08-12 06:54:38
   Tore
      Galaxy S10
         2025
             Ingen billeder i 2025

Run: 2025-08-12 06:54:38
   Tore
      Galaxy S23
         2025
             Ingen billeder i 2025

Run: 2025-08-12 06:54:39
   Tore
      Pixel 8a
         2025
             01 0 er kopieret
             02 0 er kopieret
             03 0 er kopieret
             04 0 er kopieret
             05 0 er kopieret
             06 0 er kopieret
             07 0 er kopieret

Run: 2025-08-12 06:54:39
   Sus
      Susannes S20
         2025
             01 0 er kopieret
             02 0 er kopieret
             03 0 er kopieret
             04 0 er kopieret
             05 0 er kopieret
             06 0 er kopieret
             07 0 er kopieret
             08 0 er kopieret

LastRun: 2025-08-12 06:54:39 (Task Scheduler)

Run: 2025-08-12 07:15:44
   Tore
      Galaxy S10
         2025
             Ingen billeder i 2025

Run: 2025-08-12 07:15:44
   Tore
      Galaxy S23
         2025
             Ingen billeder i 2025

Run: 2025-08-12 07:15:45
   Tore
      Pixel 8a
         2025
             01 0 er kopieret
             02 0 er kopieret
             03 0 er kopieret
             04 0 er kopieret
             05 0 er kopieret
             06 0 er kopieret
             07 0 er kopieret

Run: 2025-08-12 07:15:45
   Sus
      Susannes S20
         2025
             01 0 er kopieret
             02 0 er kopieret
             03 0 er kopieret
             04 0 er kopieret
             05 0 er kopieret
             06 0 er kopieret
             07 0 er kopieret
             08 0 er kopieret

LastRun: 2025-08-12 07:15:45 (Task Scheduler)

Run: 2025-08-12 18:43:18
   Tore
      Galaxy S10
         2025
             Ingen billeder i 2025

Run: 2025-08-12 18:43:18
   Tore
      Galaxy S23
         2025
             Ingen billeder i 2025

Run: 2025-08-12 18:43:22
   Tore
      Pixel 8a
         2025
             01 0 er kopieret
             02 0 er kopieret
             03 0 er kopieret
             04 0 er kopieret
             05 0 er kopieret
             06 0 er kopieret
             07 0 er kopieret

Run: 2025-08-12 18:43:25
   Sus
      Susannes S20
         2025
             01 0 er kopieret
             02 0 er kopieret
             03 0 er kopieret
             04 0 er kopieret
             05 0 er kopieret
             06 0 er kopieret
             07 0 er kopieret
             08 0 er kopieret

LastRun: 2025-08-12 18:43:25 (Task Scheduler)

Run: 2025-08-12 21:40:09
   Tore
      Galaxy S10
         2025
             Ingen billeder i 2025

Run: 2025-08-12 21:40:09
   Tore
      Galaxy S23
         2025
             Ingen billeder i 2025

Run: 2025-08-12 21:40:10
   Tore
      Pixel 8a
         2025
             01 0 er kopieret
             02 0 er kopieret
             03 0 er kopieret
             04 0 er kopieret
             05 0 er kopieret
             06 0 er kopieret
             07 0 er kopieret

Run: 2025-08-12 21:40:10
   Sus
      Susannes S20
         2025
             01 0 er kopieret
             02 0 er kopieret
             03 0 er kopieret
             04 0 er kopieret
             05 0 er kopieret
             06 0 er kopieret
             07 0 er kopieret
             08 0 er kopieret

LastRun: 2025-08-12 21:40:10 (Task Scheduler)

Run: 2025-08-13 07:02:45
   Tore
      Galaxy S10
         2025
             Ingen billeder i 2025

Run: 2025-08-13 07:02:45
   Tore
      Galaxy S23
         2025
             Ingen billeder i 2025

Run: 2025-08-13 07:02:46
   Tore
      Pixel 8a
         2025
             01 0 er kopieret
             02 0 er kopieret
             03 0 er kopieret
             04 0 er kopieret
             05 0 er kopieret
             06 0 er kopieret
             07 0 er kopieret

Run: 2025-08-13 07:02:46
   Sus
      Susannes S20
         2025
             01 0 er kopieret
             02 0 er kopieret
             03 0 er kopieret
             04 0 er kopieret
             05 0 er kopieret
             06 0 er kopieret
             07 0 er kopieret
             08 0 er kopieret

LastRun: 2025-08-13 07:02:46 (Task Scheduler)

Run: 2025-08-13 07:42:54
   Tore
      Galaxy S10
         2025
             Ingen billeder i 2025

Run: 2025-08-13 07:42:54
   Tore
      Galaxy S23
         2025
             Ingen billeder i 2025

Run: 2025-08-13 07:42:54
   Tore
      Pixel 8a
         2025
             01 0 er kopieret
             02 0 er kopieret
             03 0 er kopieret
             04 0 er kopieret
             05 0 er kopieret
             06 0 er kopieret
             07 0 er kopieret

Run: 2025-08-13 07:42:55
   Sus
      Susannes S20
         2025
             01 0 er kopieret
             02 0 er kopieret
             03 0 er kopieret
             04 0 er kopieret
             05 0 er kopieret
             06 0 er kopieret
             07 0 er kopieret
             08 0 er kopieret

LastRun: 2025-08-13 07:42:55 (Task Scheduler)

Run: 2025-08-13 18:49:39
   Tore
      Galaxy S10
         2025
             Ingen billeder i 2025

Run: 2025-08-13 18:49:39
   Tore
      Galaxy S23
         2025
             Ingen billeder i 2025

Run: 2025-08-13 18:49:41
   Tore
      Pixel 8a
         2025
             01 0 er kopieret
             02 0 er kopieret
             03 0 er kopieret
             04 0 er kopieret
             05 0 er kopieret
             06 0 er kopieret
             07 0 er kopieret

Run: 2025-08-13 18:49:42
   Sus
      Susannes S20
         2025
             01 0 er kopieret
             02 0 er kopieret
             03 0 er kopieret
             04 0 er kopieret
             05 0 er kopieret
             06 0 er kopieret
             07 0 er kopieret
             08 0 er kopieret

LastRun: 2025-08-13 18:49:42 (Task Scheduler)

Run: 2025-08-13 23:46:23
   Tore
      Galaxy S10
         2025
             Ingen billeder i 2025

Run: 2025-08-13 23:46:23
   Tore
      Galaxy S23
         2025
             Ingen billeder i 2025

Run: 2025-08-13 23:46:23
   Tore
      Pixel 8a
         2025
             01 0 er kopieret
             02 0 er kopieret
             03 0 er kopieret
             04 0 er kopieret
             05 0 er kopieret
             06 0 er kopieret
             07 0 er kopieret

Run: 2025-08-13 23:46:24
   Sus
      Susannes S20
         2025
             01 0 er kopieret
             02 0 er kopieret
             03 0 er kopieret
             04 0 er kopieret
             05 0 er kopieret
             06 0 er kopieret
             07 0 er kopieret
             08 0 er kopieret

LastRun: 2025-08-13 23:46:24 (Task Scheduler)

Run: 2025-08-14 01:33:31
   Tore
      Galaxy S10
         2025
             Ingen billeder i 2025

Run: 2025-08-14 01:33:31
   Tore
      Galaxy S23
         2025
             Ingen billeder i 2025

Run: 2025-08-14 01:33:34
   Tore
      Pixel 8a
         2025
             01 0 er kopieret
             02 0 er kopieret
             03 0 er kopieret
             04 0 er kopieret
             05 0 er kopieret
             06 0 er kopieret
             07 0 er kopieret

Run: 2025-08-14 01:33:36
   Sus
      Susannes S20
         2025
             01 0 er kopieret
             02 0 er kopieret
             03 0 er kopieret
             04 0 er kopieret
             05 0 er kopieret
             06 0 er kopieret
             07 0 er kopieret
             08 0 er kopieret

LastRun: 2025-08-14 01:33:36 (Task Scheduler)

Run: 2025-08-15 07:48:07
   Tore
      Galaxy S10
         2025
             Ingen billeder i 2025

Run: 2025-08-15 07:48:07
   Tore
      Galaxy S23
         2025
             Ingen billeder i 2025

Run: 2025-08-15 07:48:09
   Tore
      Pixel 8a
         2025
             01 0 er kopieret
             02 0 er kopieret
             03 0 er kopieret
             04 0 er kopieret
             05 0 er kopieret
             06 0 er kopieret
             07 0 er kopieret

Run: 2025-08-15 07:48:10
   Sus
      Susannes S20
         2025
             01 0 er kopieret
             02 0 er kopieret
             03 0 er kopieret
             04 0 er kopieret
             05 0 er kopieret
             06 0 er kopieret
             07 0 er kopieret
             08 0 er kopieret

LastRun: 2025-08-15 07:48:10 (Task Scheduler)

Run: 2025-08-15 10:51:23
   Tore
      Galaxy S10
         2025
             Ingen billeder i 2025

Run: 2025-08-15 10:51:23
   Tore
      Galaxy S23
         2025
             Ingen billeder i 2025

Run: 2025-08-15 10:51:28
   Tore
      Pixel 8a
         2025
             01 0 er kopieret
             02 0 er kopieret
             03 0 er kopieret
             04 0 er kopieret
             05 0 er kopieret
             06 0 er kopieret
             07 0 er kopieret

Run: 2025-08-15 10:51:31
   Sus
      Susannes S20
         2025
             01 0 er kopieret
             02 0 er kopieret
             03 0 er kopieret
             04 0 er kopieret
             05 0 er kopieret
             06 0 er kopieret
             07 0 er kopieret
             08 0 er kopieret

LastRun: 2025-08-15 10:51:31 (Task Scheduler)

Run: 2025-08-15 22:24:03
   Tore
      Galaxy S10
         2025
             Ingen billeder i 2025

Run: 2025-08-15 22:24:03
   Tore
      Galaxy S23
         2025
             Ingen billeder i 2025

Run: 2025-08-15 22:24:05
   Tore
      Pixel 8a
         2025
             01 0 er kopieret
             02 0 er kopieret
             03 0 er kopieret
             04 0 er kopieret
             05 0 er kopieret
             06 0 er kopieret
             07 0 er kopieret

Run: 2025-08-15 22:24:07
   Sus
      Susannes S20
         2025
             01 0 er kopieret
             02 0 er kopieret
             03 0 er kopieret
             04 0 er kopieret
             05 0 er kopieret
             06 0 er kopieret
             07 0 er kopieret
             08 0 er kopieret

LastRun: 2025-08-15 22:24:07 (Task Scheduler)

Run: 2025-08-16 09:39:05
   Tore
      Galaxy S10
         2025
             Ingen billeder i 2025

Run: 2025-08-16 09:39:05
   Tore
      Galaxy S23
         2025
             Ingen billeder i 2025

Run: 2025-08-16 09:39:06
   Tore
      Pixel 8a
         2025
             01 0 er kopieret
             02 0 er kopieret
             03 0 er kopieret
             04 0 er kopieret
             05 0 er kopieret
             06 0 er kopieret
             07 0 er kopieret

Run: 2025-08-16 09:39:08
   Sus
      Susannes S20
         2025
             01 0 er kopieret
             02 0 er kopieret
             03 0 er kopieret
             04 0 er kopieret
             05 0 er kopieret
             06 0 er kopieret
             07 0 er kopieret
             08 0 er kopieret

LastRun: 2025-08-16 09:39:08 (Task Scheduler)

Run: 2025-08-16 11:32:03
   Tore
      Galaxy S10
         2025
             Ingen billeder i 2025

Run: 2025-08-16 11:32:03
   Tore
      Galaxy S23
         2025
             Ingen billeder i 2025

Run: 2025-08-16 11:32:03
   Tore
      Pixel 8a
         2025
             01 0 er kopieret
             02 0 er kopieret
             03 0 er kopieret
             04 0 er kopieret
             05 0 er kopieret
             06 0 er kopieret
             07 0 er kopieret

Run: 2025-08-16 11:32:04
   Sus
      Susannes S20
         2025
             01 0 er kopieret
             02 0 er kopieret
             03 0 er kopieret
             04 0 er kopieret
             05 0 er kopieret
             06 0 er kopieret
             07 0 er kopieret
             08 0 er kopieret

LastRun: 2025-08-16 11:32:04 (Task Scheduler)

Run: 2025-08-16 12:36:36
   Tore
      Galaxy S10
         2025
             Ingen billeder i 2025

Run: 2025-08-16 12:36:36
   Tore
      Galaxy S23
         2025
             Ingen billeder i 2025

Run: 2025-08-16 12:36:37
   Tore
      Pixel 8a
         2025
             01 0 er kopieret
             02 0 er kopieret
             03 0 er kopieret
             04 0 er kopieret
             05 0 er kopieret
             06 0 er kopieret
             07 0 er kopieret

Run: 2025-08-16 12:36:37
   Sus
      Susannes S20
         2025
             01 0 er kopieret
             02 0 er kopieret
             03 0 er kopieret
             04 0 er kopieret
             05 0 er kopieret
             06 0 er kopieret
             07 0 er kopieret
             08 0 er kopieret

LastRun: 2025-08-16 12:36:37 (Task Scheduler)

Run: 2025-08-17 08:47:19
   Tore
      Galaxy S10
         2025
             Ingen billeder i 2025

Run: 2025-08-17 08:47:19
   Tore
      Galaxy S23
         2025
             Ingen billeder i 2025

Run: 2025-08-17 08:47:20
   Tore
      Pixel 8a
         2025
             01 0 er kopieret
             02 0 er kopieret
             03 0 er kopieret
             04 0 er kopieret
             05 0 er kopieret
             06 0 er kopieret
             07 0 er kopieret

Run: 2025-08-17 08:47:21
   Sus
      Susannes S20
         2025
             01 0 er kopieret
             02 0 er kopieret
             03 0 er kopieret
             04 0 er kopieret
             05 0 er kopieret
             06 0 er kopieret
             07 0 er kopieret
             08 0 er kopieret

LastRun: 2025-08-17 08:47:21 (Task Scheduler)

LastRun: 2025-08-17 12:32:45 (Task Scheduler)

LastRun: 2025-08-17 18:09:53 (Task Scheduler)

LastRun: 2025-08-18 06:37:19 (Task Scheduler)

LastRun: 2025-08-18 07:28:44 (Task Scheduler)

LastRun: 2025-08-18 18:07:36 (Task Scheduler)

LastRun: 2025-08-18 19:00:01 (Task Scheduler)

LastRun: 2025-08-18 19:59:50 (Task Scheduler)

LastRun: 2025-08-18 21:10:42 (Task Scheduler)

LastRun: 2025-08-19 06:12:02 (Task Scheduler)

LastRun: 2025-08-19 06:53:35 (Task Scheduler)

LastRun: 2025-08-19 18:06:02 (Task Scheduler)

LastRun: 2025-08-19 19:15:30 (Task Scheduler)

LastRun: 2025-08-20 06:48:28 (Task Scheduler)

LastRun: 2025-08-20 15:33:45 (Task Scheduler)

LastRun: 2025-08-20 18:55:33 (Task Scheduler)

LastRun: 2025-08-20 20:02:31 (Task Scheduler)

LastRun: 2025-08-20 21:13:25 (Task Scheduler)

LastRun: 2025-08-21 17:11:30 (Task Scheduler)

LastRun: 2025-08-22 07:24:37 (Task Scheduler)

LastRun: 2025-08-22 15:41:16 (Task Scheduler)

LastRun: 2025-08-22 23:42:09 (Task Scheduler)

LastRun: 2025-08-23 08:56:46 (Task Scheduler)

LastRun: 2025-08-24 07:49:05 (Task Scheduler)

LastRun: 2025-08-24 10:59:17 (Task Scheduler)

LastRun: 2025-08-24 12:36:02 (Task Scheduler)

LastRun: 2025-08-24 20:15:35 (Task Scheduler)

LastRun: 2025-08-25 07:04:11 (Task Scheduler)

LastRun: 2025-08-25 18:15:18 (Task Scheduler)

LastRun: 2025-08-26 07:01:57 (Task Scheduler)

LastRun: 2025-08-26 21:38:31 (Task Scheduler)

LastRun: 2025-08-27 07:20:04 (Task Scheduler)

LastRun: 2025-08-27 16:33:21 (Task Scheduler)

LastRun: 2025-08-27 21:27:05 (Task Scheduler)

LastRun: 2025-08-29 07:05:09 (Task Scheduler)

LastRun: 2025-08-29 16:34:07 (Task Scheduler)

LastRun: 2025-08-29 22:42:09 (Task Scheduler)

LastRun: 2025-08-30 09:57:46 (Task Scheduler)

LastRun: 2025-08-30 13:18:59 (Task Scheduler)

LastRun: 2025-08-31 07:42:39 (Task Scheduler)

LastRun: 2025-08-31 08:44:40 (Task Scheduler)

LastRun: 2025-08-31 13:44:20 (Task Scheduler)

LastRun: 2025-08-31 15:46:10 (Task Scheduler)

LastRun: 2025-09-01 06:57:55 (Task Scheduler)

LastRun: 2025-09-01 17:10:45 (Task Scheduler)

LastRun: 2025-09-01 19:52:06 (Task Scheduler)

LastRun: 2025-09-02 10:03:16 (Task Scheduler)

LastRun: 2025-09-02 13:00:54 (Task Scheduler)

LastRun: 2025-09-02 21:49:45 (Task Scheduler)

LastRun: 2025-09-03 07:07:16 (Task Scheduler)

LastRun: 2025-09-04 20:01:42 (Task Scheduler)

LastRun: 2025-09-04 20:01:50 (Task Scheduler)

LastRun: 2025-09-04 20:28:01 (Task Scheduler)

LastRun: 2025-09-04 20:28:46 (Task Scheduler)

LastRun: 2025-09-04 21:40:45 (Task Scheduler)

LastRun: 2025-09-04 21:40:56 (Task Scheduler)

LastRun: 2025-09-05 14:53:18 (Task Scheduler)

LastRun: 2025-09-05 19:32:40 (Task Scheduler)

LastRun: 2025-09-06 08:30:05 (Task Scheduler)

LastRun: 2025-09-06 09:37:19 (Task Scheduler)
